<?xml version="1.0" encoding="UTF-8"?>
<!-- Generated by org.testng.reporters.JUnitXMLReporter -->
<testsuite hostname="DESKTOP-1DCFOTD" ignored="0" name="Full Test" tests="23" failures="4" timestamp="29 May 2019 08:23:24 GMT" time="230.823" errors="0">
  <testcase name="TC01_login" time="2.476" classname="features.loginORMTest"/>
  <testcase name="TC02_login" time="1.852" classname="features.loginORMTest"/>
  <testcase name="TC03_login" time="1.898" classname="features.loginORMTest"/>
  <testcase name="TC05_login" time="2.138" classname="features.loginORMTest"/>
  <testcase name="TC06_login" time="2.225" classname="features.loginORMTest"/>
  <testcase name="TC07_login" time="2.239" classname="features.loginORMTest"/>
  <testcase name="TC08_login" time="2.035" classname="features.loginORMTest"/>
  <testcase name="TC02_inquiry" time="7.111" classname="features.InquiryUserOHRMTest"/>
  <testcase name="TC01_home_navigation" time="3.862" classname="features.HomePageNavigationTest"/>
  <testcase name="TC02_home_navigation" time="3.831" classname="features.HomePageNavigationTest"/>
  <testcase name="TC03_home_navigation" time="4.309" classname="features.HomePageNavigationTest"/>
  <testcase name="TC04_home_navigation" time="3.891" classname="features.HomePageNavigationTest"/>
  <testcase name="TC05_home_navigation" time="4.141" classname="features.HomePageNavigationTest"/>
  <testcase name="TC06_home_navigation" time="3.219" classname="features.HomePageNavigationTest">
    <skipped/>
  </testcase> <!-- TC06_home_navigation -->
  <testcase name="TC06_home_navigation" time="2.802" classname="features.HomePageNavigationTest">
    <failure type="java.lang.AssertionError" message="
Expected: a string containing &amp;quot;http://127.0.0.1/orangehrm-4.0/symfony/web/index.php/recruitment/viewCandidates#&amp;quot;
     but: was &amp;quot;http://127.0.0.1/orangehrm-4.0/symfony/web/index.php/dashboard#&amp;quot;">
      <![CDATA[java.lang.AssertionError: 
Expected: a string containing "http://127.0.0.1/orangehrm-4.0/symfony/web/index.php/recruitment/viewCandidates#"
     but: was "http://127.0.0.1/orangehrm-4.0/symfony/web/index.php/dashboard#"
at org.hamcrest.MatcherAssert.assertThat(MatcherAssert.java:20)
at org.hamcrest.MatcherAssert.assertThat(MatcherAssert.java:8)
at pages.HomePage.verifyLandingToCorrectPage(HomePage.java:125)
at features.HomePageNavigationTest.TC06_home_navigation(HomePageNavigationTest.java:56)
... Removed 28 stack frames]]>
    </failure>
  </testcase> <!-- TC06_home_navigation -->
  <testcase name="TC07_home_navigation" time="3.448" classname="features.HomePageNavigationTest"/>
  <testcase name="TC08_home_navigation" time="14.069" classname="features.HomePageNavigationTest"/>
  <testcase name="TC09_home_navigation" time="3.425" classname="features.HomePageNavigationTest">
    <skipped/>
  </testcase> <!-- TC09_home_navigation -->
  <testcase name="TC09_home_navigation" time="3.274" classname="features.HomePageNavigationTest">
    <failure type="java.lang.AssertionError" message="
Expected: a string containing &amp;quot;Company Name: Okta Jaya Pte Ltd&amp;quot;
     but: was &amp;quot;Company Name:
Version: Orangehrm OS 4.0
Active Employees: 73
Employees Terminated: 0&amp;quot;">
      <![CDATA[java.lang.AssertionError: 
Expected: a string containing "Company Name: Okta Jaya Pte Ltd"
     but: was "Company Name:
Version: Orangehrm OS 4.0
Active Employees: 73
Employees Terminated: 0"
at org.hamcrest.MatcherAssert.assertThat(MatcherAssert.java:20)
at org.hamcrest.MatcherAssert.assertThat(MatcherAssert.java:8)
at pages.HomePage.verifyModalIsDisplayedWithInformativeMessage(HomePage.java:167)
at features.HomePageNavigationTest.TC09_home_navigation(HomePageNavigationTest.java:79)
... Removed 28 stack frames]]>
    </failure>
  </testcase> <!-- TC09_home_navigation -->
  <testcase name="TC04_login" time="2.391" classname="features.loginORMTest">
    <skipped/>
  </testcase> <!-- TC04_login -->
  <testcase name="TC04_login" time="2.448" classname="features.loginORMTest">
    <failure type="java.lang.AssertionError" message="
Expected: a string containing &amp;quot;http://127.0.0.1/orangehrm-4.0/symfony/web/index.php/dashboard&amp;quot;
     but: was &amp;quot;http://127.0.0.1/orangehrm-4.0/symfony/web/index.php/auth/validateCredentials&amp;quot;">
      <![CDATA[java.lang.AssertionError: 
Expected: a string containing "http://127.0.0.1/orangehrm-4.0/symfony/web/index.php/dashboard"
     but: was "http://127.0.0.1/orangehrm-4.0/symfony/web/index.php/auth/validateCredentials"
at org.hamcrest.MatcherAssert.assertThat(MatcherAssert.java:20)
at org.hamcrest.MatcherAssert.assertThat(MatcherAssert.java:8)
at pages.login.LoginPage.landingToDashboardPage(LoginPage.java:56)
at features.loginORMTest.TC04_login(loginORMTest.java:49)
... Removed 28 stack frames]]>
    </failure>
  </testcase> <!-- TC04_login -->
  <testcase name="TC01_inquiry" time="31.631" classname="features.InquiryUserOHRMTest">
    <skipped/>
  </testcase> <!-- TC01_inquiry -->
  <testcase name="TC01_inquiry" time="31.629" classname="features.InquiryUserOHRMTest">
    <failure type="org.openqa.selenium.NoSuchElementException" message="no such element: Unable to locate element: {&amp;quot;method&amp;quot;:&amp;quot;id&amp;quot;,&amp;quot;selector&amp;quot;:&amp;quot;resultTable&amp;quot;}
  (Session info: chrome=74.0.3729.169)
  (Driver info: chromedriver=2.38.551601 (edb21f07fc70e9027c746edd3201443e011a61ed),platform=Windows NT 10.0.17134 x86_64) (WARNING: The server did not provide any stacktrace information)
Command duration or timeout: 0 milliseconds
For documentation on this error, please visit: https://www.seleniumhq.org/exceptions/no_such_element.html
Build info: version: &amp;apos;3.141.59&amp;apos;, revision: &amp;apos;e82be7d358&amp;apos;, time: &amp;apos;2018-11-14T08:17:03&amp;apos;
System info: host: &amp;apos;DESKTOP-1DCFOTD&amp;apos;, ip: &amp;apos;172.18.138.1&amp;apos;, os.name: &amp;apos;Windows 10&amp;apos;, os.arch: &amp;apos;amd64&amp;apos;, os.version: &amp;apos;10.0&amp;apos;, java.version: &amp;apos;1.8.0_161&amp;apos;
Driver info: org.openqa.selenium.chrome.ChromeDriver
Capabilities {acceptInsecureCerts: false, acceptSslCerts: false, applicationCacheEnabled: false, browserConnectionEnabled: false, browserName: chrome, chrome: {chromedriverVersion: 2.38.551601 (edb21f07fc70e9..., userDataDir: C:\Users\User\AppData\Local...}, cssSelectorsEnabled: true, databaseEnabled: false, handlesAlerts: true, hasTouchScreen: false, javascriptEnabled: true, locationContextEnabled: true, mobileEmulationEnabled: false, nativeEvents: true, networkConnectionEnabled: false, pageLoadStrategy: normal, platform: XP, platformName: XP, rotatable: false, setWindowRect: true, takesHeapSnapshot: true, takesScreenshot: true, unexpectedAlertBehaviour: , unhandledPromptBehavior: , version: 74.0.3729.169, webStorageEnabled: true}
Session ID: bf82190434d5596dc4afd33b4ecbac27
*** Element info: {Using=id, value=resultTable}">
      <![CDATA[org.openqa.selenium.NoSuchElementException: no such element: Unable to locate element: {"method":"id","selector":"resultTable"}
  (Session info: chrome=74.0.3729.169)
  (Driver info: chromedriver=2.38.551601 (edb21f07fc70e9027c746edd3201443e011a61ed),platform=Windows NT 10.0.17134 x86_64) (WARNING: The server did not provide any stacktrace information)
Command duration or timeout: 0 milliseconds
For documentation on this error, please visit: https://www.seleniumhq.org/exceptions/no_such_element.html
Build info: version: '3.141.59', revision: 'e82be7d358', time: '2018-11-14T08:17:03'
System info: host: 'DESKTOP-1DCFOTD', ip: '172.18.138.1', os.name: 'Windows 10', os.arch: 'amd64', os.version: '10.0', java.version: '1.8.0_161'
Driver info: org.openqa.selenium.chrome.ChromeDriver
Capabilities {acceptInsecureCerts: false, acceptSslCerts: false, applicationCacheEnabled: false, browserConnectionEnabled: false, browserName: chrome, chrome: {chromedriverVersion: 2.38.551601 (edb21f07fc70e9..., userDataDir: C:\Users\User\AppData\Local...}, cssSelectorsEnabled: true, databaseEnabled: false, handlesAlerts: true, hasTouchScreen: false, javascriptEnabled: true, locationContextEnabled: true, mobileEmulationEnabled: false, nativeEvents: true, networkConnectionEnabled: false, pageLoadStrategy: normal, platform: XP, platformName: XP, rotatable: false, setWindowRect: true, takesHeapSnapshot: true, takesScreenshot: true, unexpectedAlertBehaviour: , unhandledPromptBehavior: , version: 74.0.3729.169, webStorageEnabled: true}
Session ID: bf82190434d5596dc4afd33b4ecbac27
*** Element info: {Using=id, value=resultTable}
at org.openqa.selenium.remote.ErrorHandler.createThrowable(ErrorHandler.java:214)
at org.openqa.selenium.remote.ErrorHandler.throwIfResponseFailed(ErrorHandler.java:166)
at org.openqa.selenium.remote.http.JsonHttpResponseCodec.reconstructValue(JsonHttpResponseCodec.java:40)
at org.openqa.selenium.remote.http.AbstractHttpResponseCodec.decode(AbstractHttpResponseCodec.java:80)
at org.openqa.selenium.remote.http.AbstractHttpResponseCodec.decode(AbstractHttpResponseCodec.java:44)
at org.openqa.selenium.remote.HttpCommandExecutor.execute(HttpCommandExecutor.java:158)
at org.openqa.selenium.remote.service.DriverCommandExecutor.execute(DriverCommandExecutor.java:83)
at org.openqa.selenium.remote.RemoteWebDriver.execute(RemoteWebDriver.java:552)
at org.openqa.selenium.remote.RemoteWebDriver.findElement(RemoteWebDriver.java:323)
at org.openqa.selenium.remote.RemoteWebDriver.findElementById(RemoteWebDriver.java:372)
at org.openqa.selenium.By$ById.findElement(By.java:188)
at org.openqa.selenium.remote.RemoteWebDriver.findElement(RemoteWebDriver.java:315)
at pages.admin.UserMgn_UserPage.searchUserByUserName(UserMgn_UserPage.java:155)
at features.InquiryUserOHRMTest.TC01_inquiry(InquiryUserOHRMTest.java:22)
... Removed 32 stack frames]]>
    </failure>
  </testcase> <!-- TC01_inquiry -->
</testsuite> <!-- Full Test -->
