<?xml version="1.0" encoding="UTF-8"?>
<testng-results skipped="0" failed="7" ignored="0" total="20" passed="13">
  <reporter-output>
  </reporter-output>
  <suite name="OrangeHRM Test Suite" duration-ms="247358" started-at="2019-06-03T09:22:22Z" finished-at="2019-06-03T09:26:30Z">
    <groups>
    </groups>
    <test name="Full Test" duration-ms="247358" started-at="2019-06-03T09:22:22Z" finished-at="2019-06-03T09:26:30Z">
      <class name="features.InquiryUserOHRMTest">
        <test-method status="PASS" signature="beforeMethodSetup()[pri:0, instance:features.InquiryUserOHRMTest@47a64f7d]" name="beforeMethodSetup" is-config="true" duration-ms="2048" started-at="2019-06-03T09:23:12Z" finished-at="2019-06-03T09:23:14Z">
          <reporter-output>
          </reporter-output>
        </test-method> <!-- beforeMethodSetup -->
        <test-method status="PASS" signature="TC02_inquiry()[pri:0, instance:features.InquiryUserOHRMTest@47a64f7d]" name="TC02_inquiry" duration-ms="10170" started-at="2019-06-03T09:23:14Z" description="TC02 User is inquiry with invalid name" finished-at="2019-06-03T09:23:24Z">
          <reporter-output>
          </reporter-output>
        </test-method> <!-- TC02_inquiry -->
        <test-method status="PASS" signature="closeBrowser()[pri:0, instance:features.InquiryUserOHRMTest@47a64f7d]" name="closeBrowser" is-config="true" duration-ms="748" started-at="2019-06-03T09:23:24Z" finished-at="2019-06-03T09:23:25Z">
          <reporter-output>
          </reporter-output>
        </test-method> <!-- closeBrowser -->
        <test-method status="PASS" signature="beforeMethodSetup()[pri:0, instance:features.InquiryUserOHRMTest@47a64f7d]" name="beforeMethodSetup" is-config="true" duration-ms="2067" started-at="2019-06-03T09:26:19Z" finished-at="2019-06-03T09:26:21Z">
          <reporter-output>
          </reporter-output>
        </test-method> <!-- beforeMethodSetup -->
        <test-method status="FAIL" signature="TC01_inquiry()[pri:1, instance:features.InquiryUserOHRMTest@47a64f7d]" name="TC01_inquiry" duration-ms="6642" started-at="2019-06-03T09:26:21Z" description="TC01 User is inquiry with valid name" finished-at="2019-06-03T09:26:28Z">
          <exception class="org.openqa.selenium.NoSuchElementException">
            <message>
              <![CDATA[no such element: Unable to locate element: {"method":"id","selector":"resultTable"}
  (Session info: chrome=74.0.3729.169)
  (Driver info: chromedriver=2.38.551601 (edb21f07fc70e9027c746edd3201443e011a61ed),platform=Windows NT 10.0.17134 x86_64) (WARNING: The server did not provide any stacktrace information)
Command duration or timeout: 0 milliseconds
For documentation on this error, please visit: https://www.seleniumhq.org/exceptions/no_such_element.html
Build info: version: '3.141.59', revision: 'e82be7d358', time: '2018-11-14T08:17:03'
System info: host: 'DESKTOP-1DCFOTD', ip: '192.168.99.1', os.name: 'Windows 10', os.arch: 'amd64', os.version: '10.0', java.version: '1.8.0_161'
Driver info: org.openqa.selenium.chrome.ChromeDriver
Capabilities {acceptInsecureCerts: false, acceptSslCerts: false, applicationCacheEnabled: false, browserConnectionEnabled: false, browserName: chrome, chrome: {chromedriverVersion: 2.38.551601 (edb21f07fc70e9..., userDataDir: C:\Users\User\AppData\Local...}, cssSelectorsEnabled: true, databaseEnabled: false, handlesAlerts: true, hasTouchScreen: false, javascriptEnabled: true, locationContextEnabled: true, mobileEmulationEnabled: false, nativeEvents: true, networkConnectionEnabled: false, pageLoadStrategy: normal, platform: XP, platformName: XP, rotatable: false, setWindowRect: true, takesHeapSnapshot: true, takesScreenshot: true, unexpectedAlertBehaviour: , unhandledPromptBehavior: , version: 74.0.3729.169, webStorageEnabled: true}
Session ID: 82789e3971d64645a5e09b3a3b418d4a
*** Element info: {Using=id, value=resultTable}]]>
            </message>
            <full-stacktrace>
              <![CDATA[org.openqa.selenium.NoSuchElementException: no such element: Unable to locate element: {"method":"id","selector":"resultTable"}
  (Session info: chrome=74.0.3729.169)
  (Driver info: chromedriver=2.38.551601 (edb21f07fc70e9027c746edd3201443e011a61ed),platform=Windows NT 10.0.17134 x86_64) (WARNING: The server did not provide any stacktrace information)
Command duration or timeout: 0 milliseconds
For documentation on this error, please visit: https://www.seleniumhq.org/exceptions/no_such_element.html
Build info: version: '3.141.59', revision: 'e82be7d358', time: '2018-11-14T08:17:03'
System info: host: 'DESKTOP-1DCFOTD', ip: '192.168.99.1', os.name: 'Windows 10', os.arch: 'amd64', os.version: '10.0', java.version: '1.8.0_161'
Driver info: org.openqa.selenium.chrome.ChromeDriver
Capabilities {acceptInsecureCerts: false, acceptSslCerts: false, applicationCacheEnabled: false, browserConnectionEnabled: false, browserName: chrome, chrome: {chromedriverVersion: 2.38.551601 (edb21f07fc70e9..., userDataDir: C:\Users\User\AppData\Local...}, cssSelectorsEnabled: true, databaseEnabled: false, handlesAlerts: true, hasTouchScreen: false, javascriptEnabled: true, locationContextEnabled: true, mobileEmulationEnabled: false, nativeEvents: true, networkConnectionEnabled: false, pageLoadStrategy: normal, platform: XP, platformName: XP, rotatable: false, setWindowRect: true, takesHeapSnapshot: true, takesScreenshot: true, unexpectedAlertBehaviour: , unhandledPromptBehavior: , version: 74.0.3729.169, webStorageEnabled: true}
Session ID: 82789e3971d64645a5e09b3a3b418d4a
*** Element info: {Using=id, value=resultTable}
at sun.reflect.NativeConstructorAccessorImpl.newInstance0(Native Method)
at sun.reflect.NativeConstructorAccessorImpl.newInstance(NativeConstructorAccessorImpl.java:62)
at sun.reflect.DelegatingConstructorAccessorImpl.newInstance(DelegatingConstructorAccessorImpl.java:45)
at java.lang.reflect.Constructor.newInstance(Constructor.java:423)
at org.openqa.selenium.remote.ErrorHandler.createThrowable(ErrorHandler.java:214)
at org.openqa.selenium.remote.ErrorHandler.throwIfResponseFailed(ErrorHandler.java:166)
at org.openqa.selenium.remote.http.JsonHttpResponseCodec.reconstructValue(JsonHttpResponseCodec.java:40)
at org.openqa.selenium.remote.http.AbstractHttpResponseCodec.decode(AbstractHttpResponseCodec.java:80)
at org.openqa.selenium.remote.http.AbstractHttpResponseCodec.decode(AbstractHttpResponseCodec.java:44)
at org.openqa.selenium.remote.HttpCommandExecutor.execute(HttpCommandExecutor.java:158)
at org.openqa.selenium.remote.service.DriverCommandExecutor.execute(DriverCommandExecutor.java:83)
at org.openqa.selenium.remote.RemoteWebDriver.execute(RemoteWebDriver.java:552)
at org.openqa.selenium.remote.RemoteWebDriver.findElement(RemoteWebDriver.java:323)
at org.openqa.selenium.remote.RemoteWebDriver.findElementById(RemoteWebDriver.java:372)
at org.openqa.selenium.By$ById.findElement(By.java:188)
at org.openqa.selenium.remote.RemoteWebDriver.findElement(RemoteWebDriver.java:315)
at pages.admin.UserMgn_UserPage.searchUserByUserName(UserMgn_UserPage.java:158)
at features.InquiryUserOHRMTest.TC01_inquiry(InquiryUserOHRMTest.java:20)
at sun.reflect.NativeMethodAccessorImpl.invoke0(Native Method)
at sun.reflect.NativeMethodAccessorImpl.invoke(NativeMethodAccessorImpl.java:62)
at sun.reflect.DelegatingMethodAccessorImpl.invoke(DelegatingMethodAccessorImpl.java:43)
at java.lang.reflect.Method.invoke(Method.java:498)
at org.testng.internal.MethodInvocationHelper.invokeMethod(MethodInvocationHelper.java:124)
at org.testng.internal.Invoker.invokeMethod(Invoker.java:583)
at org.testng.internal.Invoker.invokeTestMethod(Invoker.java:719)
at org.testng.internal.Invoker.invokeTestMethods(Invoker.java:989)
at org.testng.internal.TestMethodWorker.invokeTestMethods(TestMethodWorker.java:125)
at org.testng.internal.TestMethodWorker.run(TestMethodWorker.java:109)
at org.testng.TestRunner.privateRun(TestRunner.java:648)
at org.testng.TestRunner.run(TestRunner.java:505)
at org.testng.SuiteRunner.runTest(SuiteRunner.java:455)
at org.testng.SuiteRunner.runSequentially(SuiteRunner.java:450)
at org.testng.SuiteRunner.privateRun(SuiteRunner.java:415)
at org.testng.SuiteRunner.run(SuiteRunner.java:364)
at org.testng.SuiteRunnerWorker.runSuite(SuiteRunnerWorker.java:52)
at org.testng.SuiteRunnerWorker.run(SuiteRunnerWorker.java:84)
at org.testng.TestNG.runSuitesSequentially(TestNG.java:1208)
at org.testng.TestNG.runSuitesLocally(TestNG.java:1137)
at org.testng.TestNG.runSuites(TestNG.java:1049)
at org.testng.TestNG.run(TestNG.java:1017)
at org.apache.maven.surefire.testng.TestNGExecutor.run(TestNGExecutor.java:283)
at org.apache.maven.surefire.testng.TestNGXmlTestSuite.execute(TestNGXmlTestSuite.java:75)
at org.apache.maven.surefire.testng.TestNGProvider.invoke(TestNGProvider.java:120)
at org.apache.maven.surefire.booter.ForkedBooter.invokeProviderInSameClassLoader(ForkedBooter.java:386)
at org.apache.maven.surefire.booter.ForkedBooter.runSuitesInProcess(ForkedBooter.java:323)
at org.apache.maven.surefire.booter.ForkedBooter.main(ForkedBooter.java:143)
]]>
            </full-stacktrace>
          </exception> <!-- org.openqa.selenium.NoSuchElementException -->
          <reporter-output>
          </reporter-output>
        </test-method> <!-- TC01_inquiry -->
        <test-method status="PASS" signature="closeBrowser()[pri:0, instance:features.InquiryUserOHRMTest@47a64f7d]" name="closeBrowser" is-config="true" duration-ms="751" started-at="2019-06-03T09:26:29Z" finished-at="2019-06-03T09:26:30Z">
          <reporter-output>
          </reporter-output>
        </test-method> <!-- closeBrowser -->
      </class> <!-- features.InquiryUserOHRMTest -->
      <class name="features.LoginORMTest">
        <test-method status="PASS" signature="beforeMethodSetup()[pri:0, instance:features.LoginORMTest@36dce7ed]" name="beforeMethodSetup" is-config="true" duration-ms="3527" started-at="2019-06-03T09:22:22Z" finished-at="2019-06-03T09:22:26Z">
          <reporter-output>
          </reporter-output>
        </test-method> <!-- beforeMethodSetup -->
        <test-method status="PASS" signature="TC01_login()[pri:0, instance:features.LoginORMTest@36dce7ed]" name="TC01_login" duration-ms="4977" started-at="2019-06-03T09:22:26Z" description="TC01 Login with empty user name and empty password" finished-at="2019-06-03T09:22:31Z">
          <reporter-output>
          </reporter-output>
        </test-method> <!-- TC01_login -->
        <test-method status="PASS" signature="closeBrowser()[pri:0, instance:features.LoginORMTest@36dce7ed]" name="closeBrowser" is-config="true" duration-ms="707" started-at="2019-06-03T09:22:31Z" finished-at="2019-06-03T09:22:32Z">
          <reporter-output>
          </reporter-output>
        </test-method> <!-- closeBrowser -->
        <test-method status="PASS" signature="beforeMethodSetup()[pri:0, instance:features.LoginORMTest@36dce7ed]" name="beforeMethodSetup" is-config="true" duration-ms="2095" started-at="2019-06-03T09:22:32Z" finished-at="2019-06-03T09:22:34Z">
          <reporter-output>
          </reporter-output>
        </test-method> <!-- beforeMethodSetup -->
        <test-method status="PASS" signature="TC02_login()[pri:0, instance:features.LoginORMTest@36dce7ed]" name="TC02_login" duration-ms="3689" started-at="2019-06-03T09:22:34Z" description="TC02 Login with empty user name and correct password" finished-at="2019-06-03T09:22:38Z">
          <reporter-output>
          </reporter-output>
        </test-method> <!-- TC02_login -->
        <test-method status="PASS" signature="closeBrowser()[pri:0, instance:features.LoginORMTest@36dce7ed]" name="closeBrowser" is-config="true" duration-ms="744" started-at="2019-06-03T09:22:38Z" finished-at="2019-06-03T09:22:39Z">
          <reporter-output>
          </reporter-output>
        </test-method> <!-- closeBrowser -->
        <test-method status="PASS" signature="beforeMethodSetup()[pri:0, instance:features.LoginORMTest@36dce7ed]" name="beforeMethodSetup" is-config="true" duration-ms="1985" started-at="2019-06-03T09:22:39Z" finished-at="2019-06-03T09:22:41Z">
          <reporter-output>
          </reporter-output>
        </test-method> <!-- beforeMethodSetup -->
        <test-method status="PASS" signature="TC03_login()[pri:0, instance:features.LoginORMTest@36dce7ed]" name="TC03_login" duration-ms="3593" started-at="2019-06-03T09:22:41Z" description="TC03 Login with correct password and empty password" finished-at="2019-06-03T09:22:44Z">
          <reporter-output>
          </reporter-output>
        </test-method> <!-- TC03_login -->
        <test-method status="PASS" signature="closeBrowser()[pri:0, instance:features.LoginORMTest@36dce7ed]" name="closeBrowser" is-config="true" duration-ms="720" started-at="2019-06-03T09:22:44Z" finished-at="2019-06-03T09:22:45Z">
          <reporter-output>
          </reporter-output>
        </test-method> <!-- closeBrowser -->
        <test-method status="PASS" signature="beforeMethodSetup()[pri:0, instance:features.LoginORMTest@36dce7ed]" name="beforeMethodSetup" is-config="true" duration-ms="2021" started-at="2019-06-03T09:22:45Z" finished-at="2019-06-03T09:22:47Z">
          <reporter-output>
          </reporter-output>
        </test-method> <!-- beforeMethodSetup -->
        <test-method status="PASS" signature="TC05_login()[pri:0, instance:features.LoginORMTest@36dce7ed]" name="TC05_login" duration-ms="3883" started-at="2019-06-03T09:22:47Z" description="TC05 Login with incorrect user name and incorrect password" finished-at="2019-06-03T09:22:51Z">
          <reporter-output>
          </reporter-output>
        </test-method> <!-- TC05_login -->
        <test-method status="PASS" signature="closeBrowser()[pri:0, instance:features.LoginORMTest@36dce7ed]" name="closeBrowser" is-config="true" duration-ms="710" started-at="2019-06-03T09:22:51Z" finished-at="2019-06-03T09:22:52Z">
          <reporter-output>
          </reporter-output>
        </test-method> <!-- closeBrowser -->
        <test-method status="PASS" signature="beforeMethodSetup()[pri:0, instance:features.LoginORMTest@36dce7ed]" name="beforeMethodSetup" is-config="true" duration-ms="2018" started-at="2019-06-03T09:22:52Z" finished-at="2019-06-03T09:22:54Z">
          <reporter-output>
          </reporter-output>
        </test-method> <!-- beforeMethodSetup -->
        <test-method status="PASS" signature="TC06_login()[pri:0, instance:features.LoginORMTest@36dce7ed]" name="TC06_login" duration-ms="3758" started-at="2019-06-03T09:22:54Z" description="TC06 Login with incorrect user name and correct password" finished-at="2019-06-03T09:22:58Z">
          <reporter-output>
          </reporter-output>
        </test-method> <!-- TC06_login -->
        <test-method status="PASS" signature="closeBrowser()[pri:0, instance:features.LoginORMTest@36dce7ed]" name="closeBrowser" is-config="true" duration-ms="701" started-at="2019-06-03T09:22:58Z" finished-at="2019-06-03T09:22:58Z">
          <reporter-output>
          </reporter-output>
        </test-method> <!-- closeBrowser -->
        <test-method status="PASS" signature="beforeMethodSetup()[pri:0, instance:features.LoginORMTest@36dce7ed]" name="beforeMethodSetup" is-config="true" duration-ms="2017" started-at="2019-06-03T09:22:58Z" finished-at="2019-06-03T09:23:00Z">
          <reporter-output>
          </reporter-output>
        </test-method> <!-- beforeMethodSetup -->
        <test-method status="PASS" signature="TC07_login()[pri:0, instance:features.LoginORMTest@36dce7ed]" name="TC07_login" duration-ms="4135" started-at="2019-06-03T09:23:00Z" description="TC07 Login with correct user name and incorrect password" finished-at="2019-06-03T09:23:05Z">
          <reporter-output>
          </reporter-output>
        </test-method> <!-- TC07_login -->
        <test-method status="PASS" signature="closeBrowser()[pri:0, instance:features.LoginORMTest@36dce7ed]" name="closeBrowser" is-config="true" duration-ms="727" started-at="2019-06-03T09:23:05Z" finished-at="2019-06-03T09:23:05Z">
          <reporter-output>
          </reporter-output>
        </test-method> <!-- closeBrowser -->
        <test-method status="PASS" signature="beforeMethodSetup()[pri:0, instance:features.LoginORMTest@36dce7ed]" name="beforeMethodSetup" is-config="true" duration-ms="2061" started-at="2019-06-03T09:23:05Z" finished-at="2019-06-03T09:23:07Z">
          <reporter-output>
          </reporter-output>
        </test-method> <!-- beforeMethodSetup -->
        <test-method status="PASS" signature="TC08_login()[pri:0, instance:features.LoginORMTest@36dce7ed]" name="TC08_login" duration-ms="3790" started-at="2019-06-03T09:23:07Z" description="TC08 Login with incorrect user name and incorrect password" finished-at="2019-06-03T09:23:11Z">
          <reporter-output>
          </reporter-output>
        </test-method> <!-- TC08_login -->
        <test-method status="PASS" signature="closeBrowser()[pri:0, instance:features.LoginORMTest@36dce7ed]" name="closeBrowser" is-config="true" duration-ms="704" started-at="2019-06-03T09:23:11Z" finished-at="2019-06-03T09:23:12Z">
          <reporter-output>
          </reporter-output>
        </test-method> <!-- closeBrowser -->
        <test-method status="PASS" signature="beforeMethodSetup()[pri:0, instance:features.LoginORMTest@36dce7ed]" name="beforeMethodSetup" is-config="true" duration-ms="2086" started-at="2019-06-03T09:26:12Z" finished-at="2019-06-03T09:26:14Z">
          <reporter-output>
          </reporter-output>
        </test-method> <!-- beforeMethodSetup -->
        <test-method status="FAIL" signature="TC04_login()[pri:1, instance:features.LoginORMTest@36dce7ed]" name="TC04_login" duration-ms="3575" started-at="2019-06-03T09:26:14Z" description="TC04 Login with correct username and correct password" finished-at="2019-06-03T09:26:18Z">
          <exception class="java.lang.AssertionError">
            <message>
              <![CDATA[
Expected: a string containing "http://127.0.0.1/orangehrm-4.0/symfony/web/index.php/dashboard"
     but: was "http://127.0.0.1/orangehrm-4.0/symfony/web/index.php/auth/validateCredentials"]]>
            </message>
            <full-stacktrace>
              <![CDATA[java.lang.AssertionError: 
Expected: a string containing "http://127.0.0.1/orangehrm-4.0/symfony/web/index.php/dashboard"
     but: was "http://127.0.0.1/orangehrm-4.0/symfony/web/index.php/auth/validateCredentials"
at org.hamcrest.MatcherAssert.assertThat(MatcherAssert.java:20)
at org.hamcrest.MatcherAssert.assertThat(MatcherAssert.java:8)
at pages.login.LoginPage.landingToDashboardPage(LoginPage.java:61)
at features.LoginORMTest.TC04_login(LoginORMTest.java:57)
at sun.reflect.NativeMethodAccessorImpl.invoke0(Native Method)
at sun.reflect.NativeMethodAccessorImpl.invoke(NativeMethodAccessorImpl.java:62)
at sun.reflect.DelegatingMethodAccessorImpl.invoke(DelegatingMethodAccessorImpl.java:43)
at java.lang.reflect.Method.invoke(Method.java:498)
at org.testng.internal.MethodInvocationHelper.invokeMethod(MethodInvocationHelper.java:124)
at org.testng.internal.Invoker.invokeMethod(Invoker.java:583)
at org.testng.internal.Invoker.invokeTestMethod(Invoker.java:719)
at org.testng.internal.Invoker.invokeTestMethods(Invoker.java:989)
at org.testng.internal.TestMethodWorker.invokeTestMethods(TestMethodWorker.java:125)
at org.testng.internal.TestMethodWorker.run(TestMethodWorker.java:109)
at org.testng.TestRunner.privateRun(TestRunner.java:648)
at org.testng.TestRunner.run(TestRunner.java:505)
at org.testng.SuiteRunner.runTest(SuiteRunner.java:455)
at org.testng.SuiteRunner.runSequentially(SuiteRunner.java:450)
at org.testng.SuiteRunner.privateRun(SuiteRunner.java:415)
at org.testng.SuiteRunner.run(SuiteRunner.java:364)
at org.testng.SuiteRunnerWorker.runSuite(SuiteRunnerWorker.java:52)
at org.testng.SuiteRunnerWorker.run(SuiteRunnerWorker.java:84)
at org.testng.TestNG.runSuitesSequentially(TestNG.java:1208)
at org.testng.TestNG.runSuitesLocally(TestNG.java:1137)
at org.testng.TestNG.runSuites(TestNG.java:1049)
at org.testng.TestNG.run(TestNG.java:1017)
at org.apache.maven.surefire.testng.TestNGExecutor.run(TestNGExecutor.java:283)
at org.apache.maven.surefire.testng.TestNGXmlTestSuite.execute(TestNGXmlTestSuite.java:75)
at org.apache.maven.surefire.testng.TestNGProvider.invoke(TestNGProvider.java:120)
at org.apache.maven.surefire.booter.ForkedBooter.invokeProviderInSameClassLoader(ForkedBooter.java:386)
at org.apache.maven.surefire.booter.ForkedBooter.runSuitesInProcess(ForkedBooter.java:323)
at org.apache.maven.surefire.booter.ForkedBooter.main(ForkedBooter.java:143)
]]>
            </full-stacktrace>
          </exception> <!-- java.lang.AssertionError -->
          <reporter-output>
          </reporter-output>
        </test-method> <!-- TC04_login -->
        <test-method status="PASS" signature="closeBrowser()[pri:0, instance:features.LoginORMTest@36dce7ed]" name="closeBrowser" is-config="true" duration-ms="713" started-at="2019-06-03T09:26:19Z" finished-at="2019-06-03T09:26:19Z">
          <reporter-output>
          </reporter-output>
        </test-method> <!-- closeBrowser -->
      </class> <!-- features.LoginORMTest -->
      <class name="features.HomePageNavigationTest">
        <test-method status="PASS" signature="beforeMethodSetup()[pri:0, instance:features.HomePageNavigationTest@33d05366]" name="beforeMethodSetup" is-config="true" duration-ms="2033" started-at="2019-06-03T09:23:25Z" finished-at="2019-06-03T09:23:27Z">
          <reporter-output>
          </reporter-output>
        </test-method> <!-- beforeMethodSetup -->
        <test-method status="FAIL" signature="TC01_home_navigation()[pri:0, instance:features.HomePageNavigationTest@33d05366]" name="TC01_home_navigation" duration-ms="11068" started-at="2019-06-03T09:23:27Z" description="TC01 Able to navigate to admin page" finished-at="2019-06-03T09:23:38Z">
          <exception class="com.assertthat.selenium_shutterbug.utils.image.UnableToCompareImagesException">
            <message>
              <![CDATA[Images dimensions mismatch: image1 - 1920x2796; image2 - 1920x6349]]>
            </message>
            <full-stacktrace>
              <![CDATA[com.assertthat.selenium_shutterbug.utils.image.UnableToCompareImagesException: Images dimensions mismatch: image1 - 1920x2796; image2 - 1920x6349
at com.assertthat.selenium_shutterbug.utils.image.ImageProcessor.imagesAreEquals(ImageProcessor.java:116)
at com.assertthat.selenium_shutterbug.core.Snapshot.equals(Snapshot.java:262)
at pages.HomePage.verifyLandingToCorrectPage(HomePage.java:175)
at features.HomePageNavigationTest.TC01_home_navigation(HomePageNavigationTest.java:26)
at sun.reflect.NativeMethodAccessorImpl.invoke0(Native Method)
at sun.reflect.NativeMethodAccessorImpl.invoke(NativeMethodAccessorImpl.java:62)
at sun.reflect.DelegatingMethodAccessorImpl.invoke(DelegatingMethodAccessorImpl.java:43)
at java.lang.reflect.Method.invoke(Method.java:498)
at org.testng.internal.MethodInvocationHelper.invokeMethod(MethodInvocationHelper.java:124)
at org.testng.internal.Invoker.invokeMethod(Invoker.java:583)
at org.testng.internal.Invoker.invokeTestMethod(Invoker.java:719)
at org.testng.internal.Invoker.invokeTestMethods(Invoker.java:989)
at org.testng.internal.TestMethodWorker.invokeTestMethods(TestMethodWorker.java:125)
at org.testng.internal.TestMethodWorker.run(TestMethodWorker.java:109)
at org.testng.TestRunner.privateRun(TestRunner.java:648)
at org.testng.TestRunner.run(TestRunner.java:505)
at org.testng.SuiteRunner.runTest(SuiteRunner.java:455)
at org.testng.SuiteRunner.runSequentially(SuiteRunner.java:450)
at org.testng.SuiteRunner.privateRun(SuiteRunner.java:415)
at org.testng.SuiteRunner.run(SuiteRunner.java:364)
at org.testng.SuiteRunnerWorker.runSuite(SuiteRunnerWorker.java:52)
at org.testng.SuiteRunnerWorker.run(SuiteRunnerWorker.java:84)
at org.testng.TestNG.runSuitesSequentially(TestNG.java:1208)
at org.testng.TestNG.runSuitesLocally(TestNG.java:1137)
at org.testng.TestNG.runSuites(TestNG.java:1049)
at org.testng.TestNG.run(TestNG.java:1017)
at org.apache.maven.surefire.testng.TestNGExecutor.run(TestNGExecutor.java:283)
at org.apache.maven.surefire.testng.TestNGXmlTestSuite.execute(TestNGXmlTestSuite.java:75)
at org.apache.maven.surefire.testng.TestNGProvider.invoke(TestNGProvider.java:120)
at org.apache.maven.surefire.booter.ForkedBooter.invokeProviderInSameClassLoader(ForkedBooter.java:386)
at org.apache.maven.surefire.booter.ForkedBooter.runSuitesInProcess(ForkedBooter.java:323)
at org.apache.maven.surefire.booter.ForkedBooter.main(ForkedBooter.java:143)
]]>
            </full-stacktrace>
          </exception> <!-- com.assertthat.selenium_shutterbug.utils.image.UnableToCompareImagesException -->
          <reporter-output>
          </reporter-output>
        </test-method> <!-- TC01_home_navigation -->
        <test-method status="PASS" signature="closeBrowser()[pri:0, instance:features.HomePageNavigationTest@33d05366]" name="closeBrowser" is-config="true" duration-ms="731" started-at="2019-06-03T09:23:39Z" finished-at="2019-06-03T09:23:40Z">
          <reporter-output>
          </reporter-output>
        </test-method> <!-- closeBrowser -->
        <test-method status="PASS" signature="beforeMethodSetup()[pri:0, instance:features.HomePageNavigationTest@33d05366]" name="beforeMethodSetup" is-config="true" duration-ms="2046" started-at="2019-06-03T09:23:40Z" finished-at="2019-06-03T09:23:42Z">
          <reporter-output>
          </reporter-output>
        </test-method> <!-- beforeMethodSetup -->
        <test-method status="PASS" signature="TC02_home_navigation()[pri:0, instance:features.HomePageNavigationTest@33d05366]" name="TC02_home_navigation" duration-ms="13148" started-at="2019-06-03T09:23:42Z" description="TC02 Able to navigate to PIM page" finished-at="2019-06-03T09:23:55Z">
          <reporter-output>
          </reporter-output>
        </test-method> <!-- TC02_home_navigation -->
        <test-method status="PASS" signature="closeBrowser()[pri:0, instance:features.HomePageNavigationTest@33d05366]" name="closeBrowser" is-config="true" duration-ms="705" started-at="2019-06-03T09:23:55Z" finished-at="2019-06-03T09:23:56Z">
          <reporter-output>
          </reporter-output>
        </test-method> <!-- closeBrowser -->
        <test-method status="PASS" signature="beforeMethodSetup()[pri:0, instance:features.HomePageNavigationTest@33d05366]" name="beforeMethodSetup" is-config="true" duration-ms="2001" started-at="2019-06-03T09:23:56Z" finished-at="2019-06-03T09:23:58Z">
          <reporter-output>
          </reporter-output>
        </test-method> <!-- beforeMethodSetup -->
        <test-method status="PASS" signature="TC03_home_navigation()[pri:0, instance:features.HomePageNavigationTest@33d05366]" name="TC03_home_navigation" duration-ms="6351" started-at="2019-06-03T09:23:58Z" description="TC03 Able to navigate to leave page" finished-at="2019-06-03T09:24:04Z">
          <reporter-output>
          </reporter-output>
        </test-method> <!-- TC03_home_navigation -->
        <test-method status="PASS" signature="closeBrowser()[pri:0, instance:features.HomePageNavigationTest@33d05366]" name="closeBrowser" is-config="true" duration-ms="726" started-at="2019-06-03T09:24:04Z" finished-at="2019-06-03T09:24:05Z">
          <reporter-output>
          </reporter-output>
        </test-method> <!-- closeBrowser -->
        <test-method status="PASS" signature="beforeMethodSetup()[pri:0, instance:features.HomePageNavigationTest@33d05366]" name="beforeMethodSetup" is-config="true" duration-ms="2165" started-at="2019-06-03T09:24:05Z" finished-at="2019-06-03T09:24:07Z">
          <reporter-output>
          </reporter-output>
        </test-method> <!-- beforeMethodSetup -->
        <test-method status="PASS" signature="TC04_home_navigation()[pri:0, instance:features.HomePageNavigationTest@33d05366]" name="TC04_home_navigation" duration-ms="6781" started-at="2019-06-03T09:24:07Z" description="TC04 Able to navigate to time page" finished-at="2019-06-03T09:24:14Z">
          <reporter-output>
          </reporter-output>
        </test-method> <!-- TC04_home_navigation -->
        <test-method status="PASS" signature="closeBrowser()[pri:0, instance:features.HomePageNavigationTest@33d05366]" name="closeBrowser" is-config="true" duration-ms="809" started-at="2019-06-03T09:24:14Z" finished-at="2019-06-03T09:24:15Z">
          <reporter-output>
          </reporter-output>
        </test-method> <!-- closeBrowser -->
        <test-method status="PASS" signature="beforeMethodSetup()[pri:0, instance:features.HomePageNavigationTest@33d05366]" name="beforeMethodSetup" is-config="true" duration-ms="2052" started-at="2019-06-03T09:24:15Z" finished-at="2019-06-03T09:24:17Z">
          <reporter-output>
          </reporter-output>
        </test-method> <!-- beforeMethodSetup -->
        <test-method status="FAIL" signature="TC05_home_navigation(org.testng.ITestContext)[pri:0, instance:features.HomePageNavigationTest@33d05366]" name="TC05_home_navigation" duration-ms="7909" started-at="2019-06-03T09:24:17Z" description="TC05 Able to navigate to recruitment page" finished-at="2019-06-03T09:24:25Z">
          <params>
            <param index="0">
              <value>
                <![CDATA[org.testng.TestRunner@4b718c45]]>
              </value>
            </param>
          </params>
          <exception class="java.lang.AssertionError">
            <message>
              <![CDATA[Images are Same expected [false] but found [true]]]>
            </message>
            <full-stacktrace>
              <![CDATA[java.lang.AssertionError: Images are Same expected [false] but found [true]
at org.testng.Assert.fail(Assert.java:96)
at org.testng.Assert.failNotEquals(Assert.java:776)
at org.testng.Assert.assertFalse(Assert.java:65)
at pages.HomePage.verifyLandingToCorrectPage(HomePage.java:227)
at features.HomePageNavigationTest.TC05_home_navigation(HomePageNavigationTest.java:60)
at sun.reflect.NativeMethodAccessorImpl.invoke0(Native Method)
at sun.reflect.NativeMethodAccessorImpl.invoke(NativeMethodAccessorImpl.java:62)
at sun.reflect.DelegatingMethodAccessorImpl.invoke(DelegatingMethodAccessorImpl.java:43)
at java.lang.reflect.Method.invoke(Method.java:498)
at org.testng.internal.MethodInvocationHelper.invokeMethod(MethodInvocationHelper.java:124)
at org.testng.internal.Invoker.invokeMethod(Invoker.java:583)
at org.testng.internal.Invoker.invokeTestMethod(Invoker.java:719)
at org.testng.internal.Invoker.invokeTestMethods(Invoker.java:989)
at org.testng.internal.TestMethodWorker.invokeTestMethods(TestMethodWorker.java:125)
at org.testng.internal.TestMethodWorker.run(TestMethodWorker.java:109)
at org.testng.TestRunner.privateRun(TestRunner.java:648)
at org.testng.TestRunner.run(TestRunner.java:505)
at org.testng.SuiteRunner.runTest(SuiteRunner.java:455)
at org.testng.SuiteRunner.runSequentially(SuiteRunner.java:450)
at org.testng.SuiteRunner.privateRun(SuiteRunner.java:415)
at org.testng.SuiteRunner.run(SuiteRunner.java:364)
at org.testng.SuiteRunnerWorker.runSuite(SuiteRunnerWorker.java:52)
at org.testng.SuiteRunnerWorker.run(SuiteRunnerWorker.java:84)
at org.testng.TestNG.runSuitesSequentially(TestNG.java:1208)
at org.testng.TestNG.runSuitesLocally(TestNG.java:1137)
at org.testng.TestNG.runSuites(TestNG.java:1049)
at org.testng.TestNG.run(TestNG.java:1017)
at org.apache.maven.surefire.testng.TestNGExecutor.run(TestNGExecutor.java:283)
at org.apache.maven.surefire.testng.TestNGXmlTestSuite.execute(TestNGXmlTestSuite.java:75)
at org.apache.maven.surefire.testng.TestNGProvider.invoke(TestNGProvider.java:120)
at org.apache.maven.surefire.booter.ForkedBooter.invokeProviderInSameClassLoader(ForkedBooter.java:386)
at org.apache.maven.surefire.booter.ForkedBooter.runSuitesInProcess(ForkedBooter.java:323)
at org.apache.maven.surefire.booter.ForkedBooter.main(ForkedBooter.java:143)
]]>
            </full-stacktrace>
          </exception> <!-- java.lang.AssertionError -->
          <reporter-output>
          </reporter-output>
        </test-method> <!-- TC05_home_navigation -->
        <test-method status="PASS" signature="closeBrowser()[pri:0, instance:features.HomePageNavigationTest@33d05366]" name="closeBrowser" is-config="true" duration-ms="761" started-at="2019-06-03T09:24:26Z" finished-at="2019-06-03T09:24:26Z">
          <reporter-output>
          </reporter-output>
        </test-method> <!-- closeBrowser -->
        <test-method status="PASS" signature="beforeMethodSetup()[pri:0, instance:features.HomePageNavigationTest@33d05366]" name="beforeMethodSetup" is-config="true" duration-ms="2042" started-at="2019-06-03T09:24:26Z" finished-at="2019-06-03T09:24:29Z">
          <reporter-output>
          </reporter-output>
        </test-method> <!-- beforeMethodSetup -->
        <test-method status="FAIL" signature="TC06_home_navigation()[pri:0, instance:features.HomePageNavigationTest@33d05366]" name="TC06_home_navigation" duration-ms="5379" started-at="2019-06-03T09:24:29Z" description="TC06 Able to navigate to performance page" finished-at="2019-06-03T09:24:34Z">
          <exception class="java.lang.AssertionError">
            <message>
              <![CDATA[
Expected: a string containing "http://127.0.0.1/orangehrm-4.0/symfony/web/index.php/recruitment/viewCandidates#"
     but: was "http://127.0.0.1/orangehrm-4.0/symfony/web/index.php/dashboard#"]]>
            </message>
            <full-stacktrace>
              <![CDATA[java.lang.AssertionError: 
Expected: a string containing "http://127.0.0.1/orangehrm-4.0/symfony/web/index.php/recruitment/viewCandidates#"
     but: was "http://127.0.0.1/orangehrm-4.0/symfony/web/index.php/dashboard#"
at org.hamcrest.MatcherAssert.assertThat(MatcherAssert.java:20)
at org.hamcrest.MatcherAssert.assertThat(MatcherAssert.java:8)
at pages.HomePage.verifyLandingToCorrectPage(HomePage.java:168)
at features.HomePageNavigationTest.TC06_home_navigation(HomePageNavigationTest.java:68)
at sun.reflect.NativeMethodAccessorImpl.invoke0(Native Method)
at sun.reflect.NativeMethodAccessorImpl.invoke(NativeMethodAccessorImpl.java:62)
at sun.reflect.DelegatingMethodAccessorImpl.invoke(DelegatingMethodAccessorImpl.java:43)
at java.lang.reflect.Method.invoke(Method.java:498)
at org.testng.internal.MethodInvocationHelper.invokeMethod(MethodInvocationHelper.java:124)
at org.testng.internal.Invoker.invokeMethod(Invoker.java:583)
at org.testng.internal.Invoker.invokeTestMethod(Invoker.java:719)
at org.testng.internal.Invoker.invokeTestMethods(Invoker.java:989)
at org.testng.internal.TestMethodWorker.invokeTestMethods(TestMethodWorker.java:125)
at org.testng.internal.TestMethodWorker.run(TestMethodWorker.java:109)
at org.testng.TestRunner.privateRun(TestRunner.java:648)
at org.testng.TestRunner.run(TestRunner.java:505)
at org.testng.SuiteRunner.runTest(SuiteRunner.java:455)
at org.testng.SuiteRunner.runSequentially(SuiteRunner.java:450)
at org.testng.SuiteRunner.privateRun(SuiteRunner.java:415)
at org.testng.SuiteRunner.run(SuiteRunner.java:364)
at org.testng.SuiteRunnerWorker.runSuite(SuiteRunnerWorker.java:52)
at org.testng.SuiteRunnerWorker.run(SuiteRunnerWorker.java:84)
at org.testng.TestNG.runSuitesSequentially(TestNG.java:1208)
at org.testng.TestNG.runSuitesLocally(TestNG.java:1137)
at org.testng.TestNG.runSuites(TestNG.java:1049)
at org.testng.TestNG.run(TestNG.java:1017)
at org.apache.maven.surefire.testng.TestNGExecutor.run(TestNGExecutor.java:283)
at org.apache.maven.surefire.testng.TestNGXmlTestSuite.execute(TestNGXmlTestSuite.java:75)
at org.apache.maven.surefire.testng.TestNGProvider.invoke(TestNGProvider.java:120)
at org.apache.maven.surefire.booter.ForkedBooter.invokeProviderInSameClassLoader(ForkedBooter.java:386)
at org.apache.maven.surefire.booter.ForkedBooter.runSuitesInProcess(ForkedBooter.java:323)
at org.apache.maven.surefire.booter.ForkedBooter.main(ForkedBooter.java:143)
]]>
            </full-stacktrace>
          </exception> <!-- java.lang.AssertionError -->
          <reporter-output>
          </reporter-output>
        </test-method> <!-- TC06_home_navigation -->
        <test-method status="PASS" signature="closeBrowser()[pri:0, instance:features.HomePageNavigationTest@33d05366]" name="closeBrowser" is-config="true" duration-ms="708" started-at="2019-06-03T09:24:35Z" finished-at="2019-06-03T09:24:35Z">
          <reporter-output>
          </reporter-output>
        </test-method> <!-- closeBrowser -->
        <test-method status="PASS" signature="beforeMethodSetup()[pri:0, instance:features.HomePageNavigationTest@33d05366]" name="beforeMethodSetup" is-config="true" duration-ms="2086" started-at="2019-06-03T09:24:36Z" finished-at="2019-06-03T09:24:38Z">
          <reporter-output>
          </reporter-output>
        </test-method> <!-- beforeMethodSetup -->
        <test-method status="PASS" signature="TC07_home_navigation()[pri:0, instance:features.HomePageNavigationTest@33d05366]" name="TC07_home_navigation" duration-ms="10122" started-at="2019-06-03T09:24:38Z" description="TC07 ble to navigate to dashboard page" finished-at="2019-06-03T09:24:48Z">
          <reporter-output>
          </reporter-output>
        </test-method> <!-- TC07_home_navigation -->
        <test-method status="PASS" signature="closeBrowser()[pri:0, instance:features.HomePageNavigationTest@33d05366]" name="closeBrowser" is-config="true" duration-ms="806" started-at="2019-06-03T09:24:48Z" finished-at="2019-06-03T09:24:49Z">
          <reporter-output>
          </reporter-output>
        </test-method> <!-- closeBrowser -->
        <test-method status="PASS" signature="beforeMethodSetup()[pri:0, instance:features.HomePageNavigationTest@33d05366]" name="beforeMethodSetup" is-config="true" duration-ms="2020" started-at="2019-06-03T09:24:49Z" finished-at="2019-06-03T09:24:51Z">
          <reporter-output>
          </reporter-output>
        </test-method> <!-- beforeMethodSetup -->
        <test-method status="PASS" signature="TC08_home_navigation()[pri:0, instance:features.HomePageNavigationTest@33d05366]" name="TC08_home_navigation" duration-ms="26183" started-at="2019-06-03T09:24:51Z" description="TC08 Able to navigate to directory page" finished-at="2019-06-03T09:25:17Z">
          <reporter-output>
          </reporter-output>
        </test-method> <!-- TC08_home_navigation -->
        <test-method status="PASS" signature="closeBrowser()[pri:0, instance:features.HomePageNavigationTest@33d05366]" name="closeBrowser" is-config="true" duration-ms="807" started-at="2019-06-03T09:25:17Z" finished-at="2019-06-03T09:25:18Z">
          <reporter-output>
          </reporter-output>
        </test-method> <!-- closeBrowser -->
        <test-method status="PASS" signature="beforeMethodSetup()[pri:0, instance:features.HomePageNavigationTest@33d05366]" name="beforeMethodSetup" is-config="true" duration-ms="2057" started-at="2019-06-03T09:25:18Z" finished-at="2019-06-03T09:25:20Z">
          <reporter-output>
          </reporter-output>
        </test-method> <!-- beforeMethodSetup -->
        <test-method status="FAIL" signature="TC09_home_navigation()[pri:0, instance:features.HomePageNavigationTest@33d05366]" name="TC09_home_navigation" duration-ms="5226" started-at="2019-06-03T09:25:20Z" description="TC09 Able to navigate to About modal" finished-at="2019-06-03T09:25:25Z">
          <exception class="java.lang.AssertionError">
            <message>
              <![CDATA[
Expected: a string containing "Company Name: Okta Jaya Pte Ltd"
     but: was "Company Name:
Version: Orangehrm OS 4.0
Active Employees: 73
Employees Terminated: 0"]]>
            </message>
            <full-stacktrace>
              <![CDATA[java.lang.AssertionError: 
Expected: a string containing "Company Name: Okta Jaya Pte Ltd"
     but: was "Company Name:
Version: Orangehrm OS 4.0
Active Employees: 73
Employees Terminated: 0"
at org.hamcrest.MatcherAssert.assertThat(MatcherAssert.java:20)
at org.hamcrest.MatcherAssert.assertThat(MatcherAssert.java:8)
at pages.HomePage.verifyModalIsDisplayedWithInformativeMessage(HomePage.java:251)
at features.HomePageNavigationTest.TC09_home_navigation(HomePageNavigationTest.java:93)
at sun.reflect.NativeMethodAccessorImpl.invoke0(Native Method)
at sun.reflect.NativeMethodAccessorImpl.invoke(NativeMethodAccessorImpl.java:62)
at sun.reflect.DelegatingMethodAccessorImpl.invoke(DelegatingMethodAccessorImpl.java:43)
at java.lang.reflect.Method.invoke(Method.java:498)
at org.testng.internal.MethodInvocationHelper.invokeMethod(MethodInvocationHelper.java:124)
at org.testng.internal.Invoker.invokeMethod(Invoker.java:583)
at org.testng.internal.Invoker.invokeTestMethod(Invoker.java:719)
at org.testng.internal.Invoker.invokeTestMethods(Invoker.java:989)
at org.testng.internal.TestMethodWorker.invokeTestMethods(TestMethodWorker.java:125)
at org.testng.internal.TestMethodWorker.run(TestMethodWorker.java:109)
at org.testng.TestRunner.privateRun(TestRunner.java:648)
at org.testng.TestRunner.run(TestRunner.java:505)
at org.testng.SuiteRunner.runTest(SuiteRunner.java:455)
at org.testng.SuiteRunner.runSequentially(SuiteRunner.java:450)
at org.testng.SuiteRunner.privateRun(SuiteRunner.java:415)
at org.testng.SuiteRunner.run(SuiteRunner.java:364)
at org.testng.SuiteRunnerWorker.runSuite(SuiteRunnerWorker.java:52)
at org.testng.SuiteRunnerWorker.run(SuiteRunnerWorker.java:84)
at org.testng.TestNG.runSuitesSequentially(TestNG.java:1208)
at org.testng.TestNG.runSuitesLocally(TestNG.java:1137)
at org.testng.TestNG.runSuites(TestNG.java:1049)
at org.testng.TestNG.run(TestNG.java:1017)
at org.apache.maven.surefire.testng.TestNGExecutor.run(TestNGExecutor.java:283)
at org.apache.maven.surefire.testng.TestNGXmlTestSuite.execute(TestNGXmlTestSuite.java:75)
at org.apache.maven.surefire.testng.TestNGProvider.invoke(TestNGProvider.java:120)
at org.apache.maven.surefire.booter.ForkedBooter.invokeProviderInSameClassLoader(ForkedBooter.java:386)
at org.apache.maven.surefire.booter.ForkedBooter.runSuitesInProcess(ForkedBooter.java:323)
at org.apache.maven.surefire.booter.ForkedBooter.main(ForkedBooter.java:143)
]]>
            </full-stacktrace>
          </exception> <!-- java.lang.AssertionError -->
          <reporter-output>
          </reporter-output>
        </test-method> <!-- TC09_home_navigation -->
        <test-method status="PASS" signature="closeBrowser()[pri:0, instance:features.HomePageNavigationTest@33d05366]" name="closeBrowser" is-config="true" duration-ms="728" started-at="2019-06-03T09:25:26Z" finished-at="2019-06-03T09:25:27Z">
          <reporter-output>
          </reporter-output>
        </test-method> <!-- closeBrowser -->
        <test-method status="PASS" signature="beforeMethodSetup()[pri:0, instance:features.HomePageNavigationTest@33d05366]" name="beforeMethodSetup" is-config="true" duration-ms="2056" started-at="2019-06-03T09:25:27Z" finished-at="2019-06-03T09:25:29Z">
          <reporter-output>
          </reporter-output>
        </test-method> <!-- beforeMethodSetup -->
        <test-method status="FAIL" signature="TC10_home_navigation()[pri:0, instance:features.HomePageNavigationTest@33d05366]" name="TC10_home_navigation" duration-ms="41828" started-at="2019-06-03T09:25:29Z" description="TC10 Able to navigate to many page" finished-at="2019-06-03T09:26:11Z">
          <exception class="java.lang.AssertionError">
            <message>
              <![CDATA[
Expected: a string containing "http://127.0.0.1/orangehrm-4.0/symfony/web/index.php/admin/viewSystemUsers"
     but: was "http://127.0.0.1/orangehrm-4.0/symfony/web/index.php/directory/viewDirectory/reset/1"]]>
            </message>
            <full-stacktrace>
              <![CDATA[java.lang.AssertionError: 
Expected: a string containing "http://127.0.0.1/orangehrm-4.0/symfony/web/index.php/admin/viewSystemUsers"
     but: was "http://127.0.0.1/orangehrm-4.0/symfony/web/index.php/directory/viewDirectory/reset/1"
at org.hamcrest.MatcherAssert.assertThat(MatcherAssert.java:20)
at org.hamcrest.MatcherAssert.assertThat(MatcherAssert.java:8)
at pages.HomePage.verifyLandingToCorrectPage(HomePage.java:168)
at features.HomePageNavigationTest.TC10_home_navigation(HomePageNavigationTest.java:106)
at sun.reflect.NativeMethodAccessorImpl.invoke0(Native Method)
at sun.reflect.NativeMethodAccessorImpl.invoke(NativeMethodAccessorImpl.java:62)
at sun.reflect.DelegatingMethodAccessorImpl.invoke(DelegatingMethodAccessorImpl.java:43)
at java.lang.reflect.Method.invoke(Method.java:498)
at org.testng.internal.MethodInvocationHelper.invokeMethod(MethodInvocationHelper.java:124)
at org.testng.internal.Invoker.invokeMethod(Invoker.java:583)
at org.testng.internal.Invoker.invokeTestMethod(Invoker.java:719)
at org.testng.internal.Invoker.invokeTestMethods(Invoker.java:989)
at org.testng.internal.TestMethodWorker.invokeTestMethods(TestMethodWorker.java:125)
at org.testng.internal.TestMethodWorker.run(TestMethodWorker.java:109)
at org.testng.TestRunner.privateRun(TestRunner.java:648)
at org.testng.TestRunner.run(TestRunner.java:505)
at org.testng.SuiteRunner.runTest(SuiteRunner.java:455)
at org.testng.SuiteRunner.runSequentially(SuiteRunner.java:450)
at org.testng.SuiteRunner.privateRun(SuiteRunner.java:415)
at org.testng.SuiteRunner.run(SuiteRunner.java:364)
at org.testng.SuiteRunnerWorker.runSuite(SuiteRunnerWorker.java:52)
at org.testng.SuiteRunnerWorker.run(SuiteRunnerWorker.java:84)
at org.testng.TestNG.runSuitesSequentially(TestNG.java:1208)
at org.testng.TestNG.runSuitesLocally(TestNG.java:1137)
at org.testng.TestNG.runSuites(TestNG.java:1049)
at org.testng.TestNG.run(TestNG.java:1017)
at org.apache.maven.surefire.testng.TestNGExecutor.run(TestNGExecutor.java:283)
at org.apache.maven.surefire.testng.TestNGXmlTestSuite.execute(TestNGXmlTestSuite.java:75)
at org.apache.maven.surefire.testng.TestNGProvider.invoke(TestNGProvider.java:120)
at org.apache.maven.surefire.booter.ForkedBooter.invokeProviderInSameClassLoader(ForkedBooter.java:386)
at org.apache.maven.surefire.booter.ForkedBooter.runSuitesInProcess(ForkedBooter.java:323)
at org.apache.maven.surefire.booter.ForkedBooter.main(ForkedBooter.java:143)
]]>
            </full-stacktrace>
          </exception> <!-- java.lang.AssertionError -->
          <reporter-output>
          </reporter-output>
        </test-method> <!-- TC10_home_navigation -->
        <test-method status="PASS" signature="closeBrowser()[pri:0, instance:features.HomePageNavigationTest@33d05366]" name="closeBrowser" is-config="true" duration-ms="778" started-at="2019-06-03T09:26:11Z" finished-at="2019-06-03T09:26:12Z">
          <reporter-output>
          </reporter-output>
        </test-method> <!-- closeBrowser -->
      </class> <!-- features.HomePageNavigationTest -->
    </test> <!-- Full Test -->
  </suite> <!-- OrangeHRM Test Suite -->
</testng-results>
