<?xml version="1.0" encoding="UTF-8"?>
<testsuite xmlns:xsi="http://www.w3.org/2001/XMLSchema-instance" xsi:noNamespaceSchemaLocation="https://maven.apache.org/surefire/maven-surefire-plugin/xsd/surefire-test-report.xsd" name="TestSuite" time="250.566" tests="20" errors="0" skipped="0" failures="7">
  <properties>
[...]
</properties>
  <testcase name="TC01_login" classname="features.LoginORMTest" time="4.158"/>
  <testcase name="TC02_login" classname="features.LoginORMTest" time="3.722"/>
  <testcase name="TC03_login" classname="features.LoginORMTest" time="3.719"/>
  <testcase name="TC05_login" classname="features.LoginORMTest" time="4.003"/>
  <testcase name="TC06_login" classname="features.LoginORMTest" time="4.188"/>
  <testcase name="TC07_login" classname="features.LoginORMTest" time="4.133"/>
  <testcase name="TC08_login" classname="features.LoginORMTest" time="4.139"/>
  <testcase name="TC02_inquiry" classname="features.InquiryUserOHRMTest" time="9.855"/>
  <testcase name="TC01_home_navigation" classname="features.HomePageNavigationTest" time="10.994">
    <failure message="Images dimensions mismatch: image1 - 1920x2796; image2 - 1920x6349" type="com.assertthat.selenium_shutterbug.utils.image.UnableToCompareImagesException">com.assertthat.selenium_shutterbug.utils.image.UnableToCompareImagesException: Images dimensions mismatch: image1 - 1920x2796; image2 - 1920x6349
	at features.HomePageNavigationTest.TC01_home_navigation(HomePageNavigationTest.java:26)
</failure>
    <system-out><![CDATA[I am in onTestSuccess method TC02_inquiry succeed
2019-06-03 23:46:27 INFO  Log:8 - ======================================================================================================
2019-06-03 23:46:27 INFO  Log:8 - ================================= END TO END TEST FINISHED ============================================
2019-06-03 23:46:27 INFO  Log:8 - ======================================================================================================
2019-06-03 23:46:29 INFO  Log:8 - ======================================================================================================
2019-06-03 23:46:29 INFO  Log:8 - ================================= END TO END TEST STARTED ============================================
2019-06-03 23:46:29 INFO  Log:8 - ======================================================================================================
2019-06-03 23:46:29 INFO  MonteRecorder:39 - Recording started
I am in onTestStart method TC01_home_navigation start
2019-06-03 23:46:29 INFO  Log:8 - TC01_home_navigation test is starting.
I am in onTestStart method TC01_home_navigation start
2019-06-03 23:46:29 INFO  Log:8 - TC01_home_navigation test is starting.
2019-06-03 23:46:39 INFO  MonteRecorder:45 - Recording finished to C:\Users\User\Documents\GitHub\OrangeHRMTestNGAllure\video\TC01_home_navigation_recording_2019_03_06_23_46_39.avi
2019-06-03 23:46:39 INFO  RecordingUtils:81 - No jenkinsUrl variable found.
2019-06-03 23:46:39 INFO  RecordingUtils:26 - Video recording: C:\Users\User\Documents\GitHub\OrangeHRMTestNGAllure\video\TC01_home_navigation_recording_2019_03_06_23_46_39.avi
I am in onTestFailure method TC01_home_navigation failed
Screenshot captured for test case:TC01_home_navigation
Video captured for test case:TC01_home_navigation
]]></system-out>
    <system-err><![CDATA[Starting ChromeDriver 2.38.551601 (edb21f07fc70e9027c746edd3201443e011a61ed) on port 37613
Only local connections are allowed.
Jun 03, 2019 11:46:29 PM org.openqa.selenium.remote.ProtocolHandshake createSession
INFO: Detected dialect: OSS
]]></system-err>
  </testcase>
  <testcase name="TC02_home_navigation" classname="features.HomePageNavigationTest" time="14.578"/>
  <testcase name="TC03_home_navigation" classname="features.HomePageNavigationTest" time="6.299"/>
  <testcase name="TC04_home_navigation" classname="features.HomePageNavigationTest" time="6.737"/>
  <testcase name="TC05_home_navigation" classname="features.HomePageNavigationTest" time="8.873">
    <failure message="Images are identical expected [false] but found [true]" type="java.lang.AssertionError">java.lang.AssertionError: Images are identical expected [false] but found [true]
	at features.HomePageNavigationTest.TC05_home_navigation(HomePageNavigationTest.java:61)
</failure>
    <system-out><![CDATA[I am in onTestSuccess method TC04_home_navigation succeed
2019-06-03 23:47:17 INFO  Log:8 - ======================================================================================================
2019-06-03 23:47:17 INFO  Log:8 - ================================= END TO END TEST FINISHED ============================================
2019-06-03 23:47:17 INFO  Log:8 - ======================================================================================================
2019-06-03 23:47:20 INFO  Log:8 - ======================================================================================================
2019-06-03 23:47:20 INFO  Log:8 - ================================= END TO END TEST STARTED ============================================
2019-06-03 23:47:20 INFO  Log:8 - ======================================================================================================
2019-06-03 23:47:20 INFO  MonteRecorder:39 - Recording started
I am in onTestStart method TC05_home_navigation start
2019-06-03 23:47:20 INFO  Log:8 - TC05_home_navigation test is starting.
I am in onTestStart method TC05_home_navigation start
2019-06-03 23:47:20 INFO  Log:8 - TC05_home_navigation test is starting.
2019-06-03 23:47:28 INFO  MonteRecorder:45 - Recording finished to C:\Users\User\Documents\GitHub\OrangeHRMTestNGAllure\video\TC05_home_navigation_recording_2019_03_06_23_47_28.avi
2019-06-03 23:47:28 INFO  RecordingUtils:81 - No jenkinsUrl variable found.
2019-06-03 23:47:28 INFO  RecordingUtils:26 - Video recording: C:\Users\User\Documents\GitHub\OrangeHRMTestNGAllure\video\TC05_home_navigation_recording_2019_03_06_23_47_28.avi
I am in onTestFailure method TC05_home_navigation failed
Screenshot captured for test case:TC05_home_navigation
Video captured for test case:TC05_home_navigation
]]></system-out>
    <system-err><![CDATA[Starting ChromeDriver 2.38.551601 (edb21f07fc70e9027c746edd3201443e011a61ed) on port 25231
Only local connections are allowed.
Jun 03, 2019 11:47:20 PM org.openqa.selenium.remote.ProtocolHandshake createSession
INFO: Detected dialect: OSS
]]></system-err>
  </testcase>
  <testcase name="TC06_home_navigation" classname="features.HomePageNavigationTest" time="5.491">
    <failure message="&#10;Expected: a string containing &quot;http://127.0.0.1/orangehrm-4.0/symfony/web/index.php/recruitment/viewCandidates#&quot;&#10;     but: was &quot;http://127.0.0.1/orangehrm-4.0/symfony/web/index.php/dashboard#&quot;" type="java.lang.AssertionError">java.lang.AssertionError: 

Expected: a string containing "http://127.0.0.1/orangehrm-4.0/symfony/web/index.php/recruitment/viewCandidates#"
     but: was "http://127.0.0.1/orangehrm-4.0/symfony/web/index.php/dashboard#"
	at features.HomePageNavigationTest.TC06_home_navigation(HomePageNavigationTest.java:69)
</failure>
    <system-out><![CDATA[I am in onTestFailure method TC05_home_navigation failed
Screenshot captured for test case:TC05_home_navigation
Video captured for test case:TC05_home_navigation
2019-06-03 23:47:30 INFO  Log:8 - ======================================================================================================
2019-06-03 23:47:30 INFO  Log:8 - ================================= END TO END TEST FINISHED ============================================
2019-06-03 23:47:30 INFO  Log:8 - ======================================================================================================
2019-06-03 23:47:32 INFO  Log:8 - ======================================================================================================
2019-06-03 23:47:32 INFO  Log:8 - ================================= END TO END TEST STARTED ============================================
2019-06-03 23:47:32 INFO  Log:8 - ======================================================================================================
2019-06-03 23:47:32 INFO  MonteRecorder:39 - Recording started
I am in onTestStart method TC06_home_navigation start
2019-06-03 23:47:32 INFO  Log:8 - TC06_home_navigation test is starting.
I am in onTestStart method TC06_home_navigation start
2019-06-03 23:47:32 INFO  Log:8 - TC06_home_navigation test is starting.
2019-06-03 23:47:37 INFO  MonteRecorder:45 - Recording finished to C:\Users\User\Documents\GitHub\OrangeHRMTestNGAllure\video\TC06_home_navigation_recording_2019_03_06_23_47_37.avi
2019-06-03 23:47:37 INFO  RecordingUtils:81 - No jenkinsUrl variable found.
2019-06-03 23:47:37 INFO  RecordingUtils:26 - Video recording: C:\Users\User\Documents\GitHub\OrangeHRMTestNGAllure\video\TC06_home_navigation_recording_2019_03_06_23_47_37.avi
I am in onTestFailure method TC06_home_navigation failed
Screenshot captured for test case:TC06_home_navigation
Video captured for test case:TC06_home_navigation
]]></system-out>
    <system-err><![CDATA[Starting ChromeDriver 2.38.551601 (edb21f07fc70e9027c746edd3201443e011a61ed) on port 20156
Only local connections are allowed.
Jun 03, 2019 11:47:32 PM org.openqa.selenium.remote.ProtocolHandshake createSession
INFO: Detected dialect: OSS
]]></system-err>
  </testcase>
  <testcase name="TC07_home_navigation" classname="features.HomePageNavigationTest" time="10.063"/>
  <testcase name="TC08_home_navigation" classname="features.HomePageNavigationTest" time="26.849"/>
  <testcase name="TC09_home_navigation" classname="features.HomePageNavigationTest" time="5.26">
    <failure message="&#10;Expected: a string containing &quot;Company Name: Okta Jaya Pte Ltd&quot;&#10;     but: was &quot;Company Name:&#10;Version: Orangehrm OS 4.0&#10;Active Employees: 73&#10;Employees Terminated: 0&quot;" type="java.lang.AssertionError">java.lang.AssertionError: 

Expected: a string containing "Company Name: Okta Jaya Pte Ltd"
     but: was "Company Name:
Version: Orangehrm OS 4.0
Active Employees: 73
Employees Terminated: 0"
	at features.HomePageNavigationTest.TC09_home_navigation(HomePageNavigationTest.java:97)
</failure>
    <system-out><![CDATA[I am in onTestSuccess method TC08_home_navigation succeed
2019-06-03 23:48:21 INFO  Log:8 - ======================================================================================================
2019-06-03 23:48:21 INFO  Log:8 - ================================= END TO END TEST FINISHED ============================================
2019-06-03 23:48:21 INFO  Log:8 - ======================================================================================================
2019-06-03 23:48:23 INFO  Log:8 - ======================================================================================================
2019-06-03 23:48:23 INFO  Log:8 - ================================= END TO END TEST STARTED ============================================
2019-06-03 23:48:23 INFO  Log:8 - ======================================================================================================
2019-06-03 23:48:23 INFO  MonteRecorder:39 - Recording started
I am in onTestStart method TC09_home_navigation start
2019-06-03 23:48:23 INFO  Log:8 - TC09_home_navigation test is starting.
I am in onTestStart method TC09_home_navigation start
2019-06-03 23:48:23 INFO  Log:8 - TC09_home_navigation test is starting.
2019-06-03 23:48:28 INFO  MonteRecorder:45 - Recording finished to C:\Users\User\Documents\GitHub\OrangeHRMTestNGAllure\video\TC09_home_navigation_recording_2019_03_06_23_48_28.avi
2019-06-03 23:48:28 INFO  RecordingUtils:81 - No jenkinsUrl variable found.
2019-06-03 23:48:28 INFO  RecordingUtils:26 - Video recording: C:\Users\User\Documents\GitHub\OrangeHRMTestNGAllure\video\TC09_home_navigation_recording_2019_03_06_23_48_28.avi
I am in onTestFailure method TC09_home_navigation failed
Screenshot captured for test case:TC09_home_navigation
Video captured for test case:TC09_home_navigation
]]></system-out>
    <system-err><![CDATA[Starting ChromeDriver 2.38.551601 (edb21f07fc70e9027c746edd3201443e011a61ed) on port 30884
Only local connections are allowed.
Jun 03, 2019 11:48:23 PM org.openqa.selenium.remote.ProtocolHandshake createSession
INFO: Detected dialect: OSS
]]></system-err>
  </testcase>
  <testcase name="TC10_home_navigation" classname="features.HomePageNavigationTest" time="42.524">
    <failure message="&#10;Expected: a string containing &quot;http://127.0.0.1/orangehrm-4.0/symfony/web/index.php/admin/viewSystemUsers&quot;&#10;     but: was &quot;http://127.0.0.1/orangehrm-4.0/symfony/web/index.php/directory/viewDirectory/reset/1&quot;" type="java.lang.AssertionError">java.lang.AssertionError: 

Expected: a string containing "http://127.0.0.1/orangehrm-4.0/symfony/web/index.php/admin/viewSystemUsers"
     but: was "http://127.0.0.1/orangehrm-4.0/symfony/web/index.php/directory/viewDirectory/reset/1"
	at features.HomePageNavigationTest.TC10_home_navigation(HomePageNavigationTest.java:110)
</failure>
    <system-out><![CDATA[I am in onTestFailure method TC09_home_navigation failed
Screenshot captured for test case:TC09_home_navigation
Video captured for test case:TC09_home_navigation
2019-06-03 23:48:29 INFO  Log:8 - ======================================================================================================
2019-06-03 23:48:29 INFO  Log:8 - ================================= END TO END TEST FINISHED ============================================
2019-06-03 23:48:29 INFO  Log:8 - ======================================================================================================
2019-06-03 23:48:32 INFO  Log:8 - ======================================================================================================
2019-06-03 23:48:32 INFO  Log:8 - ================================= END TO END TEST STARTED ============================================
2019-06-03 23:48:32 INFO  Log:8 - ======================================================================================================
2019-06-03 23:48:32 INFO  MonteRecorder:39 - Recording started
I am in onTestStart method TC10_home_navigation start
2019-06-03 23:48:32 INFO  Log:8 - TC10_home_navigation test is starting.
I am in onTestStart method TC10_home_navigation start
2019-06-03 23:48:32 INFO  Log:8 - TC10_home_navigation test is starting.
2019-06-03 23:49:14 INFO  MonteRecorder:45 - Recording finished to C:\Users\User\Documents\GitHub\OrangeHRMTestNGAllure\video\TC10_home_navigation_recording_2019_03_06_23_49_14.avi
2019-06-03 23:49:14 INFO  RecordingUtils:81 - No jenkinsUrl variable found.
2019-06-03 23:49:14 INFO  RecordingUtils:26 - Video recording: C:\Users\User\Documents\GitHub\OrangeHRMTestNGAllure\video\TC10_home_navigation_recording_2019_03_06_23_49_14.avi
I am in onTestFailure method TC10_home_navigation failed
Screenshot captured for test case:TC10_home_navigation
Video captured for test case:TC10_home_navigation
]]></system-out>
    <system-err><![CDATA[Starting ChromeDriver 2.38.551601 (edb21f07fc70e9027c746edd3201443e011a61ed) on port 2480
Only local connections are allowed.
Jun 03, 2019 11:48:32 PM org.openqa.selenium.remote.ProtocolHandshake createSession
INFO: Detected dialect: OSS
]]></system-err>
  </testcase>
  <testcase name="TC04_login" classname="features.LoginORMTest" time="4.176">
    <failure message="&#10;Expected: a string containing &quot;http://127.0.0.1/orangehrm-4.0/symfony/web/index.php/dashboard&quot;&#10;     but: was &quot;http://127.0.0.1/orangehrm-4.0/symfony/web/index.php/auth/validateCredentials&quot;" type="java.lang.AssertionError">java.lang.AssertionError: 

Expected: a string containing "http://127.0.0.1/orangehrm-4.0/symfony/web/index.php/dashboard"
     but: was "http://127.0.0.1/orangehrm-4.0/symfony/web/index.php/auth/validateCredentials"
	at features.LoginORMTest.TC04_login(LoginORMTest.java:57)
</failure>
    <system-out><![CDATA[I am in onTestFailure method TC10_home_navigation failed
Screenshot captured for test case:TC10_home_navigation
Video captured for test case:TC10_home_navigation
2019-06-03 23:49:15 INFO  Log:8 - ======================================================================================================
2019-06-03 23:49:15 INFO  Log:8 - ================================= END TO END TEST FINISHED ============================================
2019-06-03 23:49:15 INFO  Log:8 - ======================================================================================================
2019-06-03 23:49:17 INFO  Log:8 - ======================================================================================================
2019-06-03 23:49:17 INFO  Log:8 - ================================= END TO END TEST STARTED ============================================
2019-06-03 23:49:17 INFO  Log:8 - ======================================================================================================
2019-06-03 23:49:17 INFO  MonteRecorder:39 - Recording started
I am in onTestStart method TC04_login start
2019-06-03 23:49:17 INFO  Log:8 - TC04_login test is starting.
I am in onTestStart method TC04_login start
2019-06-03 23:49:17 INFO  Log:8 - TC04_login test is starting.
2019-06-03 23:49:21 INFO  MonteRecorder:45 - Recording finished to C:\Users\User\Documents\GitHub\OrangeHRMTestNGAllure\video\TC04_login_recording_2019_03_06_23_49_21.avi
2019-06-03 23:49:21 INFO  RecordingUtils:81 - No jenkinsUrl variable found.
2019-06-03 23:49:21 INFO  RecordingUtils:26 - Video recording: C:\Users\User\Documents\GitHub\OrangeHRMTestNGAllure\video\TC04_login_recording_2019_03_06_23_49_21.avi
I am in onTestFailure method TC04_login failed
Screenshot captured for test case:TC04_login
Video captured for test case:TC04_login
]]></system-out>
    <system-err><![CDATA[Starting ChromeDriver 2.38.551601 (edb21f07fc70e9027c746edd3201443e011a61ed) on port 28178
Only local connections are allowed.
Jun 03, 2019 11:49:17 PM org.openqa.selenium.remote.ProtocolHandshake createSession
INFO: Detected dialect: OSS
]]></system-err>
  </testcase>
  <testcase name="TC01_inquiry" classname="features.InquiryUserOHRMTest" time="7.02">
    <failure message="no such element: Unable to locate element: {&quot;method&quot;:&quot;id&quot;,&quot;selector&quot;:&quot;resultTable&quot;}&#10;  (Session info: chrome=74.0.3729.169)&#10;  (Driver info: chromedriver=2.38.551601 (edb21f07fc70e9027c746edd3201443e011a61ed),platform=Windows NT 10.0.17134 x86_64) (WARNING: The server did not provide any stacktrace information)&#10;Command duration or timeout: 0 milliseconds&#10;For documentation on this error, please visit: https://www.seleniumhq.org/exceptions/no_such_element.html&#10;Build info: version: &apos;3.141.59&apos;, revision: &apos;e82be7d358&apos;, time: &apos;2018-11-14T08:17:03&apos;&#10;System info: host: &apos;DESKTOP-1DCFOTD&apos;, ip: &apos;192.168.99.1&apos;, os.name: &apos;Windows 10&apos;, os.arch: &apos;amd64&apos;, os.version: &apos;10.0&apos;, java.version: &apos;1.8.0_161&apos;&#10;Driver info: org.openqa.selenium.chrome.ChromeDriver&#10;Capabilities {acceptInsecureCerts: false, acceptSslCerts: false, applicationCacheEnabled: false, browserConnectionEnabled: false, browserName: chrome, chrome: {chromedriverVersion: 2.38.551601 (edb21f07fc70e9..., userDataDir: C:\Users\User\AppData\Local...}, cssSelectorsEnabled: true, databaseEnabled: false, handlesAlerts: true, hasTouchScreen: false, javascriptEnabled: true, locationContextEnabled: true, mobileEmulationEnabled: false, nativeEvents: true, networkConnectionEnabled: false, pageLoadStrategy: normal, platform: XP, platformName: XP, rotatable: false, setWindowRect: true, takesHeapSnapshot: true, takesScreenshot: true, unexpectedAlertBehaviour: , unhandledPromptBehavior: , version: 74.0.3729.169, webStorageEnabled: true}&#10;Session ID: 44fa57034468defbef10b29e69f08f34&#10;*** Element info: {Using=id, value=resultTable}" type="org.openqa.selenium.NoSuchElementException">org.openqa.selenium.NoSuchElementException: 
no such element: Unable to locate element: {"method":"id","selector":"resultTable"}
  (Session info: chrome=74.0.3729.169)
  (Driver info: chromedriver=2.38.551601 (edb21f07fc70e9027c746edd3201443e011a61ed),platform=Windows NT 10.0.17134 x86_64) (WARNING: The server did not provide any stacktrace information)
Command duration or timeout: 0 milliseconds
For documentation on this error, please visit: https://www.seleniumhq.org/exceptions/no_such_element.html
Build info: version: '3.141.59', revision: 'e82be7d358', time: '2018-11-14T08:17:03'
System info: host: 'DESKTOP-1DCFOTD', ip: '192.168.99.1', os.name: 'Windows 10', os.arch: 'amd64', os.version: '10.0', java.version: '1.8.0_161'
Driver info: org.openqa.selenium.chrome.ChromeDriver
Capabilities {acceptInsecureCerts: false, acceptSslCerts: false, applicationCacheEnabled: false, browserConnectionEnabled: false, browserName: chrome, chrome: {chromedriverVersion: 2.38.551601 (edb21f07fc70e9..., userDataDir: C:\Users\User\AppData\Local...}, cssSelectorsEnabled: true, databaseEnabled: false, handlesAlerts: true, hasTouchScreen: false, javascriptEnabled: true, locationContextEnabled: true, mobileEmulationEnabled: false, nativeEvents: true, networkConnectionEnabled: false, pageLoadStrategy: normal, platform: XP, platformName: XP, rotatable: false, setWindowRect: true, takesHeapSnapshot: true, takesScreenshot: true, unexpectedAlertBehaviour: , unhandledPromptBehavior: , version: 74.0.3729.169, webStorageEnabled: true}
Session ID: 44fa57034468defbef10b29e69f08f34
*** Element info: {Using=id, value=resultTable}
	at features.InquiryUserOHRMTest.TC01_inquiry(InquiryUserOHRMTest.java:20)
</failure>
    <system-out><![CDATA[I am in onTestFailure method TC04_login failed
Screenshot captured for test case:TC04_login
Video captured for test case:TC04_login
2019-06-03 23:49:23 INFO  Log:8 - ======================================================================================================
2019-06-03 23:49:23 INFO  Log:8 - ================================= END TO END TEST FINISHED ============================================
2019-06-03 23:49:23 INFO  Log:8 - ======================================================================================================
2019-06-03 23:49:25 INFO  Log:8 - ======================================================================================================
2019-06-03 23:49:25 INFO  Log:8 - ================================= END TO END TEST STARTED ============================================
2019-06-03 23:49:25 INFO  Log:8 - ======================================================================================================
2019-06-03 23:49:25 INFO  MonteRecorder:39 - Recording started
I am in onTestStart method TC01_inquiry start
2019-06-03 23:49:25 INFO  Log:8 - TC01_inquiry test is starting.
I am in onTestStart method TC01_inquiry start
2019-06-03 23:49:25 INFO  Log:8 - TC01_inquiry test is starting.
2019-06-03 23:49:31 INFO  MonteRecorder:45 - Recording finished to C:\Users\User\Documents\GitHub\OrangeHRMTestNGAllure\video\TC01_inquiry_recording_2019_03_06_23_49_31.avi
2019-06-03 23:49:31 INFO  RecordingUtils:81 - No jenkinsUrl variable found.
2019-06-03 23:49:31 INFO  RecordingUtils:26 - Video recording: C:\Users\User\Documents\GitHub\OrangeHRMTestNGAllure\video\TC01_inquiry_recording_2019_03_06_23_49_31.avi
I am in onTestFailure method TC01_inquiry failed
Screenshot captured for test case:TC01_inquiry
Video captured for test case:TC01_inquiry
]]></system-out>
    <system-err><![CDATA[Starting ChromeDriver 2.38.551601 (edb21f07fc70e9027c746edd3201443e011a61ed) on port 27051
Only local connections are allowed.
Jun 03, 2019 11:49:25 PM org.openqa.selenium.remote.ProtocolHandshake createSession
INFO: Detected dialect: OSS
]]></system-err>
  </testcase>
</testsuite>