<?xml version="1.0" encoding="UTF-8"?>
<testsuite xmlns:xsi="http://www.w3.org/2001/XMLSchema-instance" xsi:noNamespaceSchemaLocation="https://maven.apache.org/surefire/maven-surefire-plugin/xsd/surefire-test-report.xsd" name="TestSuite" time="249.236" tests="20" errors="0" skipped="0" failures="7">
  <properties>
[...]
</properties>
  <testcase name="TC01_login" classname="features.LoginORMTest" time="4.57"/>
  <testcase name="TC02_login" classname="features.LoginORMTest" time="3.755"/>
  <testcase name="TC03_login" classname="features.LoginORMTest" time="3.677"/>
  <testcase name="TC05_login" classname="features.LoginORMTest" time="3.991"/>
  <testcase name="TC06_login" classname="features.LoginORMTest" time="3.815"/>
  <testcase name="TC07_login" classname="features.LoginORMTest" time="4.203"/>
  <testcase name="TC08_login" classname="features.LoginORMTest" time="3.871"/>
  <testcase name="TC02_inquiry" classname="features.InquiryUserOHRMTest" time="10.256"/>
  <testcase name="TC01_home_navigation" classname="features.HomePageNavigationTest" time="11.526">
    <failure message="Images dimensions mismatch: image1 - 1920x2796; image2 - 1920x6349" type="com.assertthat.selenium_shutterbug.utils.image.UnableToCompareImagesException">com.assertthat.selenium_shutterbug.utils.image.UnableToCompareImagesException: Images dimensions mismatch: image1 - 1920x2796; image2 - 1920x6349
	at features.HomePageNavigationTest.TC01_home_navigation(HomePageNavigationTest.java:26)
</failure>
    <system-out><![CDATA[I am in onTestSuccess method TC02_inquiry succeed
2019-06-03 17:23:25 INFO  Log:8 - ======================================================================================================
2019-06-03 17:23:25 INFO  Log:8 - ================================= END TO END TEST FINISHED ============================================
2019-06-03 17:23:25 INFO  Log:8 - ======================================================================================================
2019-06-03 17:23:27 INFO  Log:8 - ======================================================================================================
2019-06-03 17:23:27 INFO  Log:8 - ================================= END TO END TEST STARTED ============================================
2019-06-03 17:23:27 INFO  Log:8 - ======================================================================================================
2019-06-03 17:23:27 INFO  MonteRecorder:39 - Recording started
I am in onTestStart method TC01_home_navigation start
2019-06-03 17:23:27 INFO  Log:8 - TC01_home_navigation test is starting.
I am in onTestStart method TC01_home_navigation start
2019-06-03 17:23:27 INFO  Log:8 - TC01_home_navigation test is starting.
2019-06-03 17:23:38 INFO  MonteRecorder:45 - Recording finished to C:\Users\User\Documents\GitHub\OrangeHRMTestNGAllure\video\TC01_home_navigation_recording_2019_03_06_17_23_38.avi
2019-06-03 17:23:38 INFO  RecordingUtils:81 - No jenkinsUrl variable found.
2019-06-03 17:23:38 INFO  RecordingUtils:26 - Video recording: C:\Users\User\Documents\GitHub\OrangeHRMTestNGAllure\video\TC01_home_navigation_recording_2019_03_06_17_23_38.avi
I am in onTestFailure method TC01_home_navigation failed
Screenshot captured for test case:TC01_home_navigation
Video captured for test case:TC01_home_navigation
]]></system-out>
    <system-err><![CDATA[Starting ChromeDriver 2.38.551601 (edb21f07fc70e9027c746edd3201443e011a61ed) on port 22936
Only local connections are allowed.
Jun 03, 2019 5:23:27 PM org.openqa.selenium.remote.ProtocolHandshake createSession
INFO: Detected dialect: OSS
]]></system-err>
  </testcase>
  <testcase name="TC02_home_navigation" classname="features.HomePageNavigationTest" time="13.203"/>
  <testcase name="TC03_home_navigation" classname="features.HomePageNavigationTest" time="6.438"/>
  <testcase name="TC04_home_navigation" classname="features.HomePageNavigationTest" time="6.873"/>
  <testcase name="TC05_home_navigation" classname="features.HomePageNavigationTest" time="8.313">
    <failure message="Images are Same expected [false] but found [true]" type="java.lang.AssertionError">java.lang.AssertionError: Images are Same expected [false] but found [true]
	at features.HomePageNavigationTest.TC05_home_navigation(HomePageNavigationTest.java:60)
</failure>
    <system-out><![CDATA[I am in onTestSuccess method TC04_home_navigation succeed
2019-06-03 17:24:15 INFO  Log:8 - ======================================================================================================
2019-06-03 17:24:15 INFO  Log:8 - ================================= END TO END TEST FINISHED ============================================
2019-06-03 17:24:15 INFO  Log:8 - ======================================================================================================
2019-06-03 17:24:17 INFO  Log:8 - ======================================================================================================
2019-06-03 17:24:17 INFO  Log:8 - ================================= END TO END TEST STARTED ============================================
2019-06-03 17:24:17 INFO  Log:8 - ======================================================================================================
2019-06-03 17:24:17 INFO  MonteRecorder:39 - Recording started
I am in onTestStart method TC05_home_navigation start
2019-06-03 17:24:17 INFO  Log:8 - TC05_home_navigation test is starting.
I am in onTestStart method TC05_home_navigation start
2019-06-03 17:24:17 INFO  Log:8 - TC05_home_navigation test is starting.
2019-06-03 17:24:25 INFO  MonteRecorder:45 - Recording finished to C:\Users\User\Documents\GitHub\OrangeHRMTestNGAllure\video\TC05_home_navigation_recording_2019_03_06_17_24_25.avi
2019-06-03 17:24:25 INFO  RecordingUtils:81 - No jenkinsUrl variable found.
2019-06-03 17:24:25 INFO  RecordingUtils:26 - Video recording: C:\Users\User\Documents\GitHub\OrangeHRMTestNGAllure\video\TC05_home_navigation_recording_2019_03_06_17_24_25.avi
I am in onTestFailure method TC05_home_navigation failed
Screenshot captured for test case:TC05_home_navigation
Video captured for test case:TC05_home_navigation
]]></system-out>
    <system-err><![CDATA[Starting ChromeDriver 2.38.551601 (edb21f07fc70e9027c746edd3201443e011a61ed) on port 2466
Only local connections are allowed.
Jun 03, 2019 5:24:17 PM org.openqa.selenium.remote.ProtocolHandshake createSession
INFO: Detected dialect: OSS
]]></system-err>
  </testcase>
  <testcase name="TC06_home_navigation" classname="features.HomePageNavigationTest" time="5.766">
    <failure message="&#10;Expected: a string containing &quot;http://127.0.0.1/orangehrm-4.0/symfony/web/index.php/recruitment/viewCandidates#&quot;&#10;     but: was &quot;http://127.0.0.1/orangehrm-4.0/symfony/web/index.php/dashboard#&quot;" type="java.lang.AssertionError">java.lang.AssertionError: 

Expected: a string containing "http://127.0.0.1/orangehrm-4.0/symfony/web/index.php/recruitment/viewCandidates#"
     but: was "http://127.0.0.1/orangehrm-4.0/symfony/web/index.php/dashboard#"
	at features.HomePageNavigationTest.TC06_home_navigation(HomePageNavigationTest.java:68)
</failure>
    <system-out><![CDATA[I am in onTestFailure method TC05_home_navigation failed
Screenshot captured for test case:TC05_home_navigation
Video captured for test case:TC05_home_navigation
2019-06-03 17:24:26 INFO  Log:8 - ======================================================================================================
2019-06-03 17:24:26 INFO  Log:8 - ================================= END TO END TEST FINISHED ============================================
2019-06-03 17:24:26 INFO  Log:8 - ======================================================================================================
2019-06-03 17:24:29 INFO  Log:8 - ======================================================================================================
2019-06-03 17:24:29 INFO  Log:8 - ================================= END TO END TEST STARTED ============================================
2019-06-03 17:24:29 INFO  Log:8 - ======================================================================================================
2019-06-03 17:24:29 INFO  MonteRecorder:39 - Recording started
I am in onTestStart method TC06_home_navigation start
2019-06-03 17:24:29 INFO  Log:8 - TC06_home_navigation test is starting.
I am in onTestStart method TC06_home_navigation start
2019-06-03 17:24:29 INFO  Log:8 - TC06_home_navigation test is starting.
2019-06-03 17:24:34 INFO  MonteRecorder:45 - Recording finished to C:\Users\User\Documents\GitHub\OrangeHRMTestNGAllure\video\TC06_home_navigation_recording_2019_03_06_17_24_34.avi
2019-06-03 17:24:34 INFO  RecordingUtils:81 - No jenkinsUrl variable found.
2019-06-03 17:24:34 INFO  RecordingUtils:26 - Video recording: C:\Users\User\Documents\GitHub\OrangeHRMTestNGAllure\video\TC06_home_navigation_recording_2019_03_06_17_24_34.avi
I am in onTestFailure method TC06_home_navigation failed
Screenshot captured for test case:TC06_home_navigation
Video captured for test case:TC06_home_navigation
]]></system-out>
    <system-err><![CDATA[Starting ChromeDriver 2.38.551601 (edb21f07fc70e9027c746edd3201443e011a61ed) on port 20445
Only local connections are allowed.
Jun 03, 2019 5:24:29 PM org.openqa.selenium.remote.ProtocolHandshake createSession
INFO: Detected dialect: OSS
]]></system-err>
  </testcase>
  <testcase name="TC07_home_navigation" classname="features.HomePageNavigationTest" time="10.213"/>
  <testcase name="TC08_home_navigation" classname="features.HomePageNavigationTest" time="26.241"/>
  <testcase name="TC09_home_navigation" classname="features.HomePageNavigationTest" time="5.689">
    <failure message="&#10;Expected: a string containing &quot;Company Name: Okta Jaya Pte Ltd&quot;&#10;     but: was &quot;Company Name:&#10;Version: Orangehrm OS 4.0&#10;Active Employees: 73&#10;Employees Terminated: 0&quot;" type="java.lang.AssertionError">java.lang.AssertionError: 

Expected: a string containing "Company Name: Okta Jaya Pte Ltd"
     but: was "Company Name:
Version: Orangehrm OS 4.0
Active Employees: 73
Employees Terminated: 0"
	at features.HomePageNavigationTest.TC09_home_navigation(HomePageNavigationTest.java:93)
</failure>
    <system-out><![CDATA[I am in onTestSuccess method TC08_home_navigation succeed
2019-06-03 17:25:18 INFO  Log:8 - ======================================================================================================
2019-06-03 17:25:18 INFO  Log:8 - ================================= END TO END TEST FINISHED ============================================
2019-06-03 17:25:18 INFO  Log:8 - ======================================================================================================
2019-06-03 17:25:20 INFO  Log:8 - ======================================================================================================
2019-06-03 17:25:20 INFO  Log:8 - ================================= END TO END TEST STARTED ============================================
2019-06-03 17:25:20 INFO  Log:8 - ======================================================================================================
2019-06-03 17:25:20 INFO  MonteRecorder:39 - Recording started
I am in onTestStart method TC09_home_navigation start
2019-06-03 17:25:20 INFO  Log:8 - TC09_home_navigation test is starting.
I am in onTestStart method TC09_home_navigation start
2019-06-03 17:25:20 INFO  Log:8 - TC09_home_navigation test is starting.
2019-06-03 17:25:25 INFO  MonteRecorder:45 - Recording finished to C:\Users\User\Documents\GitHub\OrangeHRMTestNGAllure\video\TC09_home_navigation_recording_2019_03_06_17_25_25.avi
2019-06-03 17:25:25 INFO  RecordingUtils:81 - No jenkinsUrl variable found.
2019-06-03 17:25:25 INFO  RecordingUtils:26 - Video recording: C:\Users\User\Documents\GitHub\OrangeHRMTestNGAllure\video\TC09_home_navigation_recording_2019_03_06_17_25_25.avi
I am in onTestFailure method TC09_home_navigation failed
Screenshot captured for test case:TC09_home_navigation
Video captured for test case:TC09_home_navigation
]]></system-out>
    <system-err><![CDATA[Starting ChromeDriver 2.38.551601 (edb21f07fc70e9027c746edd3201443e011a61ed) on port 27849
Only local connections are allowed.
Jun 03, 2019 5:25:20 PM org.openqa.selenium.remote.ProtocolHandshake createSession
INFO: Detected dialect: OSS
]]></system-err>
  </testcase>
  <testcase name="TC10_home_navigation" classname="features.HomePageNavigationTest" time="42.24">
    <failure message="&#10;Expected: a string containing &quot;http://127.0.0.1/orangehrm-4.0/symfony/web/index.php/admin/viewSystemUsers&quot;&#10;     but: was &quot;http://127.0.0.1/orangehrm-4.0/symfony/web/index.php/directory/viewDirectory/reset/1&quot;" type="java.lang.AssertionError">java.lang.AssertionError: 

Expected: a string containing "http://127.0.0.1/orangehrm-4.0/symfony/web/index.php/admin/viewSystemUsers"
     but: was "http://127.0.0.1/orangehrm-4.0/symfony/web/index.php/directory/viewDirectory/reset/1"
	at features.HomePageNavigationTest.TC10_home_navigation(HomePageNavigationTest.java:106)
</failure>
    <system-out><![CDATA[I am in onTestFailure method TC09_home_navigation failed
Screenshot captured for test case:TC09_home_navigation
Video captured for test case:TC09_home_navigation
2019-06-03 17:25:27 INFO  Log:8 - ======================================================================================================
2019-06-03 17:25:27 INFO  Log:8 - ================================= END TO END TEST FINISHED ============================================
2019-06-03 17:25:27 INFO  Log:8 - ======================================================================================================
2019-06-03 17:25:29 INFO  Log:8 - ======================================================================================================
2019-06-03 17:25:29 INFO  Log:8 - ================================= END TO END TEST STARTED ============================================
2019-06-03 17:25:29 INFO  Log:8 - ======================================================================================================
2019-06-03 17:25:29 INFO  MonteRecorder:39 - Recording started
I am in onTestStart method TC10_home_navigation start
2019-06-03 17:25:29 INFO  Log:8 - TC10_home_navigation test is starting.
I am in onTestStart method TC10_home_navigation start
2019-06-03 17:25:29 INFO  Log:8 - TC10_home_navigation test is starting.
2019-06-03 17:26:11 INFO  MonteRecorder:45 - Recording finished to C:\Users\User\Documents\GitHub\OrangeHRMTestNGAllure\video\TC10_home_navigation_recording_2019_03_06_17_26_11.avi
2019-06-03 17:26:11 INFO  RecordingUtils:81 - No jenkinsUrl variable found.
2019-06-03 17:26:11 INFO  RecordingUtils:26 - Video recording: C:\Users\User\Documents\GitHub\OrangeHRMTestNGAllure\video\TC10_home_navigation_recording_2019_03_06_17_26_11.avi
I am in onTestFailure method TC10_home_navigation failed
Screenshot captured for test case:TC10_home_navigation
Video captured for test case:TC10_home_navigation
]]></system-out>
    <system-err><![CDATA[Starting ChromeDriver 2.38.551601 (edb21f07fc70e9027c746edd3201443e011a61ed) on port 42467
Only local connections are allowed.
Jun 03, 2019 5:25:29 PM org.openqa.selenium.remote.ProtocolHandshake createSession
INFO: Detected dialect: OSS
]]></system-err>
  </testcase>
  <testcase name="TC04_login" classname="features.LoginORMTest" time="4.008">
    <failure message="&#10;Expected: a string containing &quot;http://127.0.0.1/orangehrm-4.0/symfony/web/index.php/dashboard&quot;&#10;     but: was &quot;http://127.0.0.1/orangehrm-4.0/symfony/web/index.php/auth/validateCredentials&quot;" type="java.lang.AssertionError">java.lang.AssertionError: 

Expected: a string containing "http://127.0.0.1/orangehrm-4.0/symfony/web/index.php/dashboard"
     but: was "http://127.0.0.1/orangehrm-4.0/symfony/web/index.php/auth/validateCredentials"
	at features.LoginORMTest.TC04_login(LoginORMTest.java:57)
</failure>
    <system-out><![CDATA[I am in onTestFailure method TC10_home_navigation failed
Screenshot captured for test case:TC10_home_navigation
Video captured for test case:TC10_home_navigation
2019-06-03 17:26:12 INFO  Log:8 - ======================================================================================================
2019-06-03 17:26:12 INFO  Log:8 - ================================= END TO END TEST FINISHED ============================================
2019-06-03 17:26:12 INFO  Log:8 - ======================================================================================================
2019-06-03 17:26:14 INFO  Log:8 - ======================================================================================================
2019-06-03 17:26:14 INFO  Log:8 - ================================= END TO END TEST STARTED ============================================
2019-06-03 17:26:14 INFO  Log:8 - ======================================================================================================
2019-06-03 17:26:14 INFO  MonteRecorder:39 - Recording started
I am in onTestStart method TC04_login start
2019-06-03 17:26:14 INFO  Log:8 - TC04_login test is starting.
I am in onTestStart method TC04_login start
2019-06-03 17:26:14 INFO  Log:8 - TC04_login test is starting.
2019-06-03 17:26:18 INFO  MonteRecorder:45 - Recording finished to C:\Users\User\Documents\GitHub\OrangeHRMTestNGAllure\video\TC04_login_recording_2019_03_06_17_26_18.avi
2019-06-03 17:26:18 INFO  RecordingUtils:81 - No jenkinsUrl variable found.
2019-06-03 17:26:18 INFO  RecordingUtils:26 - Video recording: C:\Users\User\Documents\GitHub\OrangeHRMTestNGAllure\video\TC04_login_recording_2019_03_06_17_26_18.avi
I am in onTestFailure method TC04_login failed
Screenshot captured for test case:TC04_login
Video captured for test case:TC04_login
]]></system-out>
    <system-err><![CDATA[Starting ChromeDriver 2.38.551601 (edb21f07fc70e9027c746edd3201443e011a61ed) on port 8643
Only local connections are allowed.
Jun 03, 2019 5:26:14 PM org.openqa.selenium.remote.ProtocolHandshake createSession
INFO: Detected dialect: OSS
]]></system-err>
  </testcase>
  <testcase name="TC01_inquiry" classname="features.InquiryUserOHRMTest" time="7.126">
    <failure message="no such element: Unable to locate element: {&quot;method&quot;:&quot;id&quot;,&quot;selector&quot;:&quot;resultTable&quot;}&#10;  (Session info: chrome=74.0.3729.169)&#10;  (Driver info: chromedriver=2.38.551601 (edb21f07fc70e9027c746edd3201443e011a61ed),platform=Windows NT 10.0.17134 x86_64) (WARNING: The server did not provide any stacktrace information)&#10;Command duration or timeout: 0 milliseconds&#10;For documentation on this error, please visit: https://www.seleniumhq.org/exceptions/no_such_element.html&#10;Build info: version: &apos;3.141.59&apos;, revision: &apos;e82be7d358&apos;, time: &apos;2018-11-14T08:17:03&apos;&#10;System info: host: &apos;DESKTOP-1DCFOTD&apos;, ip: &apos;192.168.99.1&apos;, os.name: &apos;Windows 10&apos;, os.arch: &apos;amd64&apos;, os.version: &apos;10.0&apos;, java.version: &apos;1.8.0_161&apos;&#10;Driver info: org.openqa.selenium.chrome.ChromeDriver&#10;Capabilities {acceptInsecureCerts: false, acceptSslCerts: false, applicationCacheEnabled: false, browserConnectionEnabled: false, browserName: chrome, chrome: {chromedriverVersion: 2.38.551601 (edb21f07fc70e9..., userDataDir: C:\Users\User\AppData\Local...}, cssSelectorsEnabled: true, databaseEnabled: false, handlesAlerts: true, hasTouchScreen: false, javascriptEnabled: true, locationContextEnabled: true, mobileEmulationEnabled: false, nativeEvents: true, networkConnectionEnabled: false, pageLoadStrategy: normal, platform: XP, platformName: XP, rotatable: false, setWindowRect: true, takesHeapSnapshot: true, takesScreenshot: true, unexpectedAlertBehaviour: , unhandledPromptBehavior: , version: 74.0.3729.169, webStorageEnabled: true}&#10;Session ID: 82789e3971d64645a5e09b3a3b418d4a&#10;*** Element info: {Using=id, value=resultTable}" type="org.openqa.selenium.NoSuchElementException">org.openqa.selenium.NoSuchElementException: 
no such element: Unable to locate element: {"method":"id","selector":"resultTable"}
  (Session info: chrome=74.0.3729.169)
  (Driver info: chromedriver=2.38.551601 (edb21f07fc70e9027c746edd3201443e011a61ed),platform=Windows NT 10.0.17134 x86_64) (WARNING: The server did not provide any stacktrace information)
Command duration or timeout: 0 milliseconds
For documentation on this error, please visit: https://www.seleniumhq.org/exceptions/no_such_element.html
Build info: version: '3.141.59', revision: 'e82be7d358', time: '2018-11-14T08:17:03'
System info: host: 'DESKTOP-1DCFOTD', ip: '192.168.99.1', os.name: 'Windows 10', os.arch: 'amd64', os.version: '10.0', java.version: '1.8.0_161'
Driver info: org.openqa.selenium.chrome.ChromeDriver
Capabilities {acceptInsecureCerts: false, acceptSslCerts: false, applicationCacheEnabled: false, browserConnectionEnabled: false, browserName: chrome, chrome: {chromedriverVersion: 2.38.551601 (edb21f07fc70e9..., userDataDir: C:\Users\User\AppData\Local...}, cssSelectorsEnabled: true, databaseEnabled: false, handlesAlerts: true, hasTouchScreen: false, javascriptEnabled: true, locationContextEnabled: true, mobileEmulationEnabled: false, nativeEvents: true, networkConnectionEnabled: false, pageLoadStrategy: normal, platform: XP, platformName: XP, rotatable: false, setWindowRect: true, takesHeapSnapshot: true, takesScreenshot: true, unexpectedAlertBehaviour: , unhandledPromptBehavior: , version: 74.0.3729.169, webStorageEnabled: true}
Session ID: 82789e3971d64645a5e09b3a3b418d4a
*** Element info: {Using=id, value=resultTable}
	at features.InquiryUserOHRMTest.TC01_inquiry(InquiryUserOHRMTest.java:20)
</failure>
    <system-out><![CDATA[I am in onTestFailure method TC04_login failed
Screenshot captured for test case:TC04_login
Video captured for test case:TC04_login
2019-06-03 17:26:19 INFO  Log:8 - ======================================================================================================
2019-06-03 17:26:19 INFO  Log:8 - ================================= END TO END TEST FINISHED ============================================
2019-06-03 17:26:19 INFO  Log:8 - ======================================================================================================
2019-06-03 17:26:21 INFO  Log:8 - ======================================================================================================
2019-06-03 17:26:21 INFO  Log:8 - ================================= END TO END TEST STARTED ============================================
2019-06-03 17:26:21 INFO  Log:8 - ======================================================================================================
2019-06-03 17:26:21 INFO  MonteRecorder:39 - Recording started
I am in onTestStart method TC01_inquiry start
2019-06-03 17:26:21 INFO  Log:8 - TC01_inquiry test is starting.
I am in onTestStart method TC01_inquiry start
2019-06-03 17:26:21 INFO  Log:8 - TC01_inquiry test is starting.
2019-06-03 17:26:28 INFO  MonteRecorder:45 - Recording finished to C:\Users\User\Documents\GitHub\OrangeHRMTestNGAllure\video\TC01_inquiry_recording_2019_03_06_17_26_28.avi
2019-06-03 17:26:28 INFO  RecordingUtils:81 - No jenkinsUrl variable found.
2019-06-03 17:26:28 INFO  RecordingUtils:26 - Video recording: C:\Users\User\Documents\GitHub\OrangeHRMTestNGAllure\video\TC01_inquiry_recording_2019_03_06_17_26_28.avi
I am in onTestFailure method TC01_inquiry failed
Screenshot captured for test case:TC01_inquiry
Video captured for test case:TC01_inquiry
]]></system-out>
    <system-err><![CDATA[Starting ChromeDriver 2.38.551601 (edb21f07fc70e9027c746edd3201443e011a61ed) on port 41036
Only local connections are allowed.
Jun 03, 2019 5:26:21 PM org.openqa.selenium.remote.ProtocolHandshake createSession
INFO: Detected dialect: OSS
]]></system-err>
  </testcase>
</testsuite>